
DISK GROUP QUOTAS for home and project file systems:
Filesystem                                 Quota     Used Space     Free Space
/home/hpc/h039y           ($HOME)        102.4GB   10.3GB (10%)   92.1GB (90%)
/gpfs/work/h039y          ($WORK)        1000.0GB   24.0MB ( 0%)  1000.0GB (100%)
-------------------------------------------------------------------------------

Executing LRZ User Prolog ...
Currently Loaded Modulefiles:
 1) admin/1.0      4) intel/16.0   7) userlog/1.0  10) mpi.intel/5.1  
 2) tempdir/1.0    5) mkl/11.3     8) lrz/default  
 3) lrztools/1.0   6) poe/1.4      9) gcc/5        
Running problem size 30^3 per domain until completion
Num processors: 1
Num threads: 1
Total number of elements: 27000

To run other sizes, use -s <integer>.
To run a fixed number of iterations, use -i <integer>.
To run a more or less balanced region set, use -b <integer>.
To change the relative costs of regions, use -c <integer>.
To print out progress, use -p
To write an output file for VisIt, use -v
See help (-h) for more options

Run completed:  
   Problem size        =  30 
   MPI tasks           =  1 
   Iteration count     =  932 
   Final Origin Energy = 2.025075e+05 
   Testing Plane 0 of Energy Array on rank 0:
        MaxAbsDiff   = 6.548362e-11
        TotalAbsDiff = 7.969175e-10
        MaxRelDiff   = 5.756929e-12


Elapsed time         =      30.07 (s)
Grind time (us/z/c)  =  1.1949148 (per dom)  ( 1.1949148 overall)
FOM                  =  836.87978 (z/s)

Running problem size 30^3 per domain until completion
Num processors: 1
Num threads: 2
Total number of elements: 27000

To run other sizes, use -s <integer>.
To run a fixed number of iterations, use -i <integer>.
To run a more or less balanced region set, use -b <integer>.
To change the relative costs of regions, use -c <integer>.
To print out progress, use -p
To write an output file for VisIt, use -v
See help (-h) for more options

Run completed:  
   Problem size        =  30 
   MPI tasks           =  1 
   Iteration count     =  932 
   Final Origin Energy = 2.025075e+05 
   Testing Plane 0 of Energy Array on rank 0:
        MaxAbsDiff   = 5.275069e-11
        TotalAbsDiff = 7.277532e-10
        MaxRelDiff   = 5.776641e-12


Elapsed time         =      18.64 (s)
Grind time (us/z/c)  = 0.74085285 (per dom)  (0.74085285 overall)
FOM                  =  1349.7957 (z/s)

Running problem size 30^3 per domain until completion
Num processors: 1
Num threads: 4
Total number of elements: 27000

To run other sizes, use -s <integer>.
To run a fixed number of iterations, use -i <integer>.
To run a more or less balanced region set, use -b <integer>.
To change the relative costs of regions, use -c <integer>.
To print out progress, use -p
To write an output file for VisIt, use -v
See help (-h) for more options

Run completed:  
   Problem size        =  30 
   MPI tasks           =  1 
   Iteration count     =  932 
   Final Origin Energy = 2.025075e+05 
   Testing Plane 0 of Energy Array on rank 0:
        MaxAbsDiff   = 6.184564e-11
        TotalAbsDiff = 8.468391e-10
        MaxRelDiff   = 4.321936e-12


Elapsed time         =      10.72 (s)
Grind time (us/z/c)  = 0.42592903 (per dom)  (0.42592903 overall)
FOM                  =   2347.809 (z/s)

Running problem size 30^3 per domain until completion
Num processors: 1
Num threads: 8
Total number of elements: 27000

To run other sizes, use -s <integer>.
To run a fixed number of iterations, use -i <integer>.
To run a more or less balanced region set, use -b <integer>.
To change the relative costs of regions, use -c <integer>.
To print out progress, use -p
To write an output file for VisIt, use -v
See help (-h) for more options

Run completed:  
   Problem size        =  30 
   MPI tasks           =  1 
   Iteration count     =  932 
   Final Origin Energy = 2.025075e+05 
   Testing Plane 0 of Energy Array on rank 0:
        MaxAbsDiff   = 6.730261e-11
        TotalAbsDiff = 8.429108e-10
        MaxRelDiff   = 5.774098e-12


Elapsed time         =       7.34 (s)
Grind time (us/z/c)  = 0.29178334 (per dom)  (0.29178334 overall)
FOM                  =  3427.2004 (z/s)

Running problem size 30^3 per domain until completion
Num processors: 1
Num threads: 16
Total number of elements: 27000

To run other sizes, use -s <integer>.
To run a fixed number of iterations, use -i <integer>.
To run a more or less balanced region set, use -b <integer>.
To change the relative costs of regions, use -c <integer>.
To print out progress, use -p
To write an output file for VisIt, use -v
See help (-h) for more options

Run completed:  
   Problem size        =  30 
   MPI tasks           =  1 
   Iteration count     =  932 
   Final Origin Energy = 2.025075e+05 
   Testing Plane 0 of Energy Array on rank 0:
        MaxAbsDiff   = 2.364686e-11
        TotalAbsDiff = 6.868667e-10
        MaxRelDiff   = 5.777913e-12


Elapsed time         =       6.36 (s)
Grind time (us/z/c)  = 0.25285006 (per dom)  (0.25285006 overall)
FOM                  =  3954.9131 (z/s)

Running problem size 30^3 per domain until completion
Num processors: 8
Num threads: 1
Total number of elements: 216000

To run other sizes, use -s <integer>.
To run a fixed number of iterations, use -i <integer>.
To run a more or less balanced region set, use -b <integer>.
To change the relative costs of regions, use -c <integer>.
To print out progress, use -p
To write an output file for VisIt, use -v
See help (-h) for more options

Run completed:  
   Problem size        =  30 
   MPI tasks           =  8 
   Iteration count     =  2031 
   Final Origin Energy = 7.130703e+05 
   Testing Plane 0 of Energy Array on rank 0:
        MaxAbsDiff   = 2.764864e-10
        TotalAbsDiff = 4.873527e-09
        MaxRelDiff   = 3.262842e-14


Elapsed time         =      68.31 (s)
Grind time (us/z/c)  =  1.2456513 (per dom)  (0.15570641 overall)
FOM                  =  6422.3431 (z/s)

Running problem size 30^3 per domain until completion
Num processors: 8
Num threads: 2
Total number of elements: 216000

To run other sizes, use -s <integer>.
To run a fixed number of iterations, use -i <integer>.
To run a more or less balanced region set, use -b <integer>.
To change the relative costs of regions, use -c <integer>.
To print out progress, use -p
To write an output file for VisIt, use -v
See help (-h) for more options

Run completed:  
   Problem size        =  30 
   MPI tasks           =  8 
   Iteration count     =  2031 
   Final Origin Energy = 7.130703e+05 
   Testing Plane 0 of Energy Array on rank 0:
        MaxAbsDiff   = 1.236913e-10
        TotalAbsDiff = 4.567823e-09
        MaxRelDiff   = 3.259337e-14


Elapsed time         =      44.26 (s)
Grind time (us/z/c)  = 0.80720265 (per dom)  (0.10090033 overall)
FOM                  =  9910.7702 (z/s)

Running problem size 30^3 per domain until completion
Num processors: 27
Num threads: 1
Total number of elements: 729000

To run other sizes, use -s <integer>.
To run a fixed number of iterations, use -i <integer>.
To run a more or less balanced region set, use -b <integer>.
To change the relative costs of regions, use -c <integer>.
To print out progress, use -p
To write an output file for VisIt, use -v
See help (-h) for more options

Run completed:  
   Problem size        =  30 
   MPI tasks           =  27 
   Iteration count     =  3145 
   Final Origin Energy = 1.482403e+06 
   Testing Plane 0 of Energy Array on rank 0:
        MaxAbsDiff   = 1.367880e-09
        TotalAbsDiff = 1.235867e-08
        MaxRelDiff   = 3.597805e-14


Elapsed time         =     119.55 (s)
Grind time (us/z/c)  =  1.4079365 (per dom)  (0.052145798 overall)
FOM                  =  19177.001 (z/s)

