
DISK GROUP QUOTAS for home and project file systems:
Filesystem                                 Quota     Used Space     Free Space
/home/hpc/h039y           ($HOME)        102.4GB   10.2GB (10%)   92.2GB (90%)
/gpfs/work/h039y          ($WORK)        1000.0GB   24.0MB ( 0%)  1000.0GB (100%)
-------------------------------------------------------------------------------

Executing LRZ User Prolog ...
Currently Loaded Modulefiles:
 1) admin/1.0      4) intel/16.0   7) userlog/1.0  10) mpi.intel/5.1  
 2) tempdir/1.0    5) mkl/11.3     8) lrz/default  
 3) lrztools/1.0   6) poe/1.4      9) gcc/5        
Running problem size 30^3 per domain until completion
Num processors: 1
Num threads: 1
Total number of elements: 27000

To run other sizes, use -s <integer>.
To run a fixed number of iterations, use -i <integer>.
To run a more or less balanced region set, use -b <integer>.
To change the relative costs of regions, use -c <integer>.
To print out progress, use -p
To write an output file for VisIt, use -v
See help (-h) for more options

Run completed:  
   Problem size        =  30 
   MPI tasks           =  1 
   Iteration count     =  932 
   Final Origin Energy = 2.025075e+05 
   Testing Plane 0 of Energy Array on rank 0:
        MaxAbsDiff   = 6.184564e-11
        TotalAbsDiff = 8.723446e-10
        MaxRelDiff   = 4.939173e-12


Elapsed time         =      38.19 (s)
Grind time (us/z/c)  =  1.5177055 (per dom)  ( 1.5177055 overall)
FOM                  =  658.88934 (z/s)

Running problem size 30^3 per domain until completion
Num processors: 1
Num threads: 2
Total number of elements: 27000

To run other sizes, use -s <integer>.
To run a fixed number of iterations, use -i <integer>.
To run a more or less balanced region set, use -b <integer>.
To change the relative costs of regions, use -c <integer>.
To print out progress, use -p
To write an output file for VisIt, use -v
See help (-h) for more options

Run completed:  
   Problem size        =  30 
   MPI tasks           =  1 
   Iteration count     =  932 
   Final Origin Energy = 2.025075e+05 
   Testing Plane 0 of Energy Array on rank 0:
        MaxAbsDiff   = 6.184564e-11
        TotalAbsDiff = 7.276716e-10
        MaxRelDiff   = 4.923912e-12


Elapsed time         =      22.88 (s)
Grind time (us/z/c)  = 0.90908218 (per dom)  (0.90908218 overall)
FOM                  =  1100.0106 (z/s)

Running problem size 30^3 per domain until completion
Num processors: 1
Num threads: 4
Total number of elements: 27000

To run other sizes, use -s <integer>.
To run a fixed number of iterations, use -i <integer>.
To run a more or less balanced region set, use -b <integer>.
To change the relative costs of regions, use -c <integer>.
To print out progress, use -p
To write an output file for VisIt, use -v
See help (-h) for more options

Run completed:  
   Problem size        =  30 
   MPI tasks           =  1 
   Iteration count     =  932 
   Final Origin Energy = 2.025075e+05 
   Testing Plane 0 of Energy Array on rank 0:
        MaxAbsDiff   = 6.184564e-11
        TotalAbsDiff = 7.276716e-10
        MaxRelDiff   = 4.923912e-12


Elapsed time         =      12.84 (s)
Grind time (us/z/c)  = 0.51007066 (per dom)  (0.51007066 overall)
FOM                  =  1960.5127 (z/s)

Running problem size 30^3 per domain until completion
Num processors: 1
Num threads: 8
Total number of elements: 27000

To run other sizes, use -s <integer>.
To run a fixed number of iterations, use -i <integer>.
To run a more or less balanced region set, use -b <integer>.
To change the relative costs of regions, use -c <integer>.
To print out progress, use -p
To write an output file for VisIt, use -v
See help (-h) for more options

Run completed:  
   Problem size        =  30 
   MPI tasks           =  1 
   Iteration count     =  932 
   Final Origin Energy = 2.025075e+05 
   Testing Plane 0 of Energy Array on rank 0:
        MaxAbsDiff   = 6.184564e-11
        TotalAbsDiff = 7.276716e-10
        MaxRelDiff   = 4.923912e-12


Elapsed time         =       7.85 (s)
Grind time (us/z/c)  = 0.31210929 (per dom)  (0.31210929 overall)
FOM                  =  3204.0059 (z/s)

Running problem size 30^3 per domain until completion
Num processors: 1
Num threads: 16
Total number of elements: 27000

To run other sizes, use -s <integer>.
To run a fixed number of iterations, use -i <integer>.
To run a more or less balanced region set, use -b <integer>.
To change the relative costs of regions, use -c <integer>.
To print out progress, use -p
To write an output file for VisIt, use -v
See help (-h) for more options

Run completed:  
   Problem size        =  30 
   MPI tasks           =  1 
   Iteration count     =  932 
   Final Origin Energy = 2.025075e+05 
   Testing Plane 0 of Energy Array on rank 0:
        MaxAbsDiff   = 6.184564e-11
        TotalAbsDiff = 7.276716e-10
        MaxRelDiff   = 4.923912e-12


Elapsed time         =       7.22 (s)
Grind time (us/z/c)  = 0.28673045 (per dom)  (0.28673045 overall)
FOM                  =  3487.5961 (z/s)

Running problem size 30^3 per domain until completion
Num processors: 8
Num threads: 1
Total number of elements: 216000

To run other sizes, use -s <integer>.
To run a fixed number of iterations, use -i <integer>.
To run a more or less balanced region set, use -b <integer>.
To change the relative costs of regions, use -c <integer>.
To print out progress, use -p
To write an output file for VisIt, use -v
See help (-h) for more options

Run completed:  
   Problem size        =  30 
   MPI tasks           =  8 
   Iteration count     =  2031 
   Final Origin Energy = 7.130703e+05 
   Testing Plane 0 of Energy Array on rank 0:
        MaxAbsDiff   = 4.292815e-10
        TotalAbsDiff = 4.904791e-09
        MaxRelDiff   = 3.692229e-14


Elapsed time         =      87.32 (s)
Grind time (us/z/c)  =  1.5923159 (per dom)  (0.19903949 overall)
FOM                  =  5024.1286 (z/s)

Running problem size 30^3 per domain until completion
Num processors: 8
Num threads: 2
Total number of elements: 216000

To run other sizes, use -s <integer>.
To run a fixed number of iterations, use -i <integer>.
To run a more or less balanced region set, use -b <integer>.
To change the relative costs of regions, use -c <integer>.
To print out progress, use -p
To write an output file for VisIt, use -v
See help (-h) for more options

Run completed:  
   Problem size        =  30 
   MPI tasks           =  8 
   Iteration count     =  2031 
   Final Origin Energy = 7.130703e+05 
   Testing Plane 0 of Energy Array on rank 0:
        MaxAbsDiff   = 4.656613e-10
        TotalAbsDiff = 5.372669e-09
        MaxRelDiff   = 3.415364e-14


Elapsed time         =      58.53 (s)
Grind time (us/z/c)  =  1.0672564 (per dom)  (0.13340705 overall)
FOM                  =  7495.8556 (z/s)

