
DISK GROUP QUOTAS for home and project file systems:
Filesystem                                 Quota     Used Space     Free Space
/home/hpc/h039y           ($HOME)        102.4GB   10.2GB (10%)   92.2GB (90%)
/gpfs/work/h039y          ($WORK)        1000.0GB   24.0MB ( 0%)  1000.0GB (100%)
-------------------------------------------------------------------------------

Executing LRZ User Prolog ...
Currently Loaded Modulefiles:
 1) admin/1.0      4) intel/16.0   7) userlog/1.0  10) mpi.intel/5.1  
 2) tempdir/1.0    5) mkl/11.3     8) lrz/default  
 3) lrztools/1.0   6) poe/1.4      9) gcc/5        
Running problem size 30^3 per domain until completion
Num processors: 1
Num threads: 1
Total number of elements: 27000

To run other sizes, use -s <integer>.
To run a fixed number of iterations, use -i <integer>.
To run a more or less balanced region set, use -b <integer>.
To change the relative costs of regions, use -c <integer>.
To print out progress, use -p
To write an output file for VisIt, use -v
See help (-h) for more options

Run completed:  
   Problem size        =  30 
   MPI tasks           =  1 
   Iteration count     =  932 
   Final Origin Energy = 2.025075e+05 
   Testing Plane 0 of Energy Array on rank 0:
        MaxAbsDiff   = 2.910383e-11
        TotalAbsDiff = 7.005738e-10
        MaxRelDiff   = 5.806528e-12


Elapsed time         =      30.19 (s)
Grind time (us/z/c)  =  1.1997483 (per dom)  ( 1.1997483 overall)
FOM                  =  833.50817 (z/s)

Running problem size 30^3 per domain until completion
Num processors: 1
Num threads: 1
Total number of elements: 27000

To run other sizes, use -s <integer>.
To run a fixed number of iterations, use -i <integer>.
To run a more or less balanced region set, use -b <integer>.
To change the relative costs of regions, use -c <integer>.
To print out progress, use -p
To write an output file for VisIt, use -v
See help (-h) for more options

Run completed:  
   Problem size        =  30 
   MPI tasks           =  1 
   Iteration count     =  932 
   Final Origin Energy = 2.025075e+05 
   Testing Plane 0 of Energy Array on rank 0:
        MaxAbsDiff   = 2.910383e-11
        TotalAbsDiff = 7.005738e-10
        MaxRelDiff   = 5.806528e-12


Elapsed time         =      30.62 (s)
Grind time (us/z/c)  =  1.2169882 (per dom)  ( 1.2169882 overall)
FOM                  =  821.70063 (z/s)

Running problem size 30^3 per domain until completion
Num processors: 1
Num threads: 1
Total number of elements: 27000

To run other sizes, use -s <integer>.
To run a fixed number of iterations, use -i <integer>.
To run a more or less balanced region set, use -b <integer>.
To change the relative costs of regions, use -c <integer>.
To print out progress, use -p
To write an output file for VisIt, use -v
See help (-h) for more options

Run completed:  
   Problem size        =  30 
   MPI tasks           =  1 
   Iteration count     =  932 
   Final Origin Energy = 2.025075e+05 
   Testing Plane 0 of Energy Array on rank 0:
        MaxAbsDiff   = 2.910383e-11
        TotalAbsDiff = 7.005738e-10
        MaxRelDiff   = 5.806528e-12


Elapsed time         =      30.66 (s)
Grind time (us/z/c)  =  1.2184529 (per dom)  ( 1.2184529 overall)
FOM                  =  820.71288 (z/s)

Running problem size 30^3 per domain until completion
Num processors: 1
Num threads: 1
Total number of elements: 27000

To run other sizes, use -s <integer>.
To run a fixed number of iterations, use -i <integer>.
To run a more or less balanced region set, use -b <integer>.
To change the relative costs of regions, use -c <integer>.
To print out progress, use -p
To write an output file for VisIt, use -v
See help (-h) for more options

Run completed:  
   Problem size        =  30 
   MPI tasks           =  1 
   Iteration count     =  932 
   Final Origin Energy = 2.025075e+05 
   Testing Plane 0 of Energy Array on rank 0:
        MaxAbsDiff   = 2.910383e-11
        TotalAbsDiff = 7.005738e-10
        MaxRelDiff   = 5.806528e-12


Elapsed time         =      30.68 (s)
Grind time (us/z/c)  =  1.2193149 (per dom)  ( 1.2193149 overall)
FOM                  =  820.13269 (z/s)

Running problem size 30^3 per domain until completion
Num processors: 1
Num threads: 1
Total number of elements: 27000

To run other sizes, use -s <integer>.
To run a fixed number of iterations, use -i <integer>.
To run a more or less balanced region set, use -b <integer>.
To change the relative costs of regions, use -c <integer>.
To print out progress, use -p
To write an output file for VisIt, use -v
See help (-h) for more options

Run completed:  
   Problem size        =  30 
   MPI tasks           =  1 
   Iteration count     =  932 
   Final Origin Energy = 2.025075e+05 
   Testing Plane 0 of Energy Array on rank 0:
        MaxAbsDiff   = 2.910383e-11
        TotalAbsDiff = 7.005738e-10
        MaxRelDiff   = 5.806528e-12


Elapsed time         =      30.76 (s)
Grind time (us/z/c)  =  1.2224572 (per dom)  ( 1.2224572 overall)
FOM                  =  818.02458 (z/s)

