
DISK GROUP QUOTAS for home and project file systems:
Filesystem                                 Quota     Used Space     Free Space
/home/hpc/h039y           ($HOME)        102.4GB   10.2GB (10%)   92.2GB (90%)
/gpfs/work/h039y          ($WORK)        1000.0GB   24.0MB ( 0%)  1000.0GB (100%)
-------------------------------------------------------------------------------

Executing LRZ User Prolog ...
Currently Loaded Modulefiles:
 1) admin/1.0      4) intel/16.0   7) userlog/1.0  10) mpi.intel/5.1  
 2) tempdir/1.0    5) mkl/11.3     8) lrz/default  
 3) lrztools/1.0   6) poe/1.4      9) gcc/5        
Running problem size 30^3 per domain until completion
Num processors: 1
Total number of elements: 27000

To run other sizes, use -s <integer>.
To run a fixed number of iterations, use -i <integer>.
To run a more or less balanced region set, use -b <integer>.
To change the relative costs of regions, use -c <integer>.
To print out progress, use -p
To write an output file for VisIt, use -v
See help (-h) for more options

Run completed:  
   Problem size        =  30 
   MPI tasks           =  1 
   Iteration count     =  932 
   Final Origin Energy = 2.025075e+05 
   Testing Plane 0 of Energy Array on rank 0:
        MaxAbsDiff   = 3.547029e-11
        TotalAbsDiff = 8.000914e-10
        MaxRelDiff   = 5.755869e-12


Elapsed time         =      27.90 (s)
Grind time (us/z/c)  =  1.1089018 (per dom)  ( 1.1089018 overall)
FOM                  =  901.79307 (z/s)

/lrz/loadl/var/i20r01c02s09/execute/srv24ib.713216.0/ll_pragma.sh: line 28: ./code/task4.3/lulesh2.0/lulesh2.0_d_p: No such file or directory
/lrz/loadl/var/i20r01c02s09/execute/srv24ib.713216.0/ll_pragma.sh: line 29: ./code/task4.3/lulesh2.0/lulesh2.0_ivdep: No such file or directory
/lrz/loadl/var/i20r01c02s09/execute/srv24ib.713216.0/ll_pragma.sh: line 30: ./code/task4.3/lulesh2.0/lulesh2.0_simd: No such file or directory
/lrz/loadl/var/i20r01c02s09/execute/srv24ib.713216.0/ll_pragma.sh: line 31: ./code/task4.3/lulesh2.0/lulesh2.0_unroll: No such file or directory
