
DISK GROUP QUOTAS for home and project file systems:
Filesystem                                 Quota     Used Space     Free Space
/home/hpc/h039y           ($HOME)        102.4GB   10.3GB (10%)   92.1GB (90%)
/gpfs/work/h039y          ($WORK)        1000.0GB   24.0MB ( 0%)  1000.0GB (100%)
-------------------------------------------------------------------------------

Executing LRZ User Prolog ...
Currently Loaded Modulefiles:
 1) admin/1.0      4) intel/16.0   7) userlog/1.0  10) mpi.intel/5.1  
 2) tempdir/1.0    5) mkl/11.3     8) lrz/default  
 3) lrztools/1.0   6) poe/1.4      9) gcc/5        
Running problem size 30^3 per domain until completion
Num processors: 1
Num threads: 1
Total number of elements: 27000

To run other sizes, use -s <integer>.
To run a fixed number of iterations, use -i <integer>.
To run a more or less balanced region set, use -b <integer>.
To change the relative costs of regions, use -c <integer>.
To print out progress, use -p
To write an output file for VisIt, use -v
See help (-h) for more options

Run completed:  
   Problem size        =  30 
   MPI tasks           =  1 
   Iteration count     =  932 
   Final Origin Energy = 2.025075e+05 
   Testing Plane 0 of Energy Array on rank 0:
        MaxAbsDiff   = 6.184564e-11
        TotalAbsDiff = 8.723446e-10
        MaxRelDiff   = 4.939173e-12


Elapsed time         =      37.79 (s)
Grind time (us/z/c)  =  1.5016683 (per dom)  ( 1.5016683 overall)
FOM                  =  665.92604 (z/s)

Running problem size 30^3 per domain until completion
Num processors: 1
Num threads: 2
Total number of elements: 27000

To run other sizes, use -s <integer>.
To run a fixed number of iterations, use -i <integer>.
To run a more or less balanced region set, use -b <integer>.
To change the relative costs of regions, use -c <integer>.
To print out progress, use -p
To write an output file for VisIt, use -v
See help (-h) for more options

Run completed:  
   Problem size        =  30 
   MPI tasks           =  1 
   Iteration count     =  932 
   Final Origin Energy = 2.025075e+05 
   Testing Plane 0 of Energy Array on rank 0:
        MaxAbsDiff   = 6.184564e-11
        TotalAbsDiff = 7.276716e-10
        MaxRelDiff   = 4.923912e-12


Elapsed time         =      22.64 (s)
Grind time (us/z/c)  = 0.89975012 (per dom)  (0.89975012 overall)
FOM                  =  1111.4197 (z/s)

Running problem size 30^3 per domain until completion
Num processors: 1
Num threads: 4
Total number of elements: 27000

To run other sizes, use -s <integer>.
To run a fixed number of iterations, use -i <integer>.
To run a more or less balanced region set, use -b <integer>.
To change the relative costs of regions, use -c <integer>.
To print out progress, use -p
To write an output file for VisIt, use -v
See help (-h) for more options

Run completed:  
   Problem size        =  30 
   MPI tasks           =  1 
   Iteration count     =  932 
   Final Origin Energy = 2.025075e+05 
   Testing Plane 0 of Energy Array on rank 0:
        MaxAbsDiff   = 6.184564e-11
        TotalAbsDiff = 7.276716e-10
        MaxRelDiff   = 4.923912e-12


Elapsed time         =      12.67 (s)
Grind time (us/z/c)  = 0.50364303 (per dom)  (0.50364303 overall)
FOM                  =  1985.5333 (z/s)

Running problem size 30^3 per domain until completion
Num processors: 1
Num threads: 8
Total number of elements: 27000

To run other sizes, use -s <integer>.
To run a fixed number of iterations, use -i <integer>.
To run a more or less balanced region set, use -b <integer>.
To change the relative costs of regions, use -c <integer>.
To print out progress, use -p
To write an output file for VisIt, use -v
See help (-h) for more options

Run completed:  
   Problem size        =  30 
   MPI tasks           =  1 
   Iteration count     =  932 
   Final Origin Energy = 2.025075e+05 
   Testing Plane 0 of Energy Array on rank 0:
        MaxAbsDiff   = 6.184564e-11
        TotalAbsDiff = 7.276716e-10
        MaxRelDiff   = 4.923912e-12


Elapsed time         =       7.76 (s)
Grind time (us/z/c)  = 0.30833421 (per dom)  (0.30833421 overall)
FOM                  =   3243.234 (z/s)

Running problem size 30^3 per domain until completion
Num processors: 1
Num threads: 16
Total number of elements: 27000

To run other sizes, use -s <integer>.
To run a fixed number of iterations, use -i <integer>.
To run a more or less balanced region set, use -b <integer>.
To change the relative costs of regions, use -c <integer>.
To print out progress, use -p
To write an output file for VisIt, use -v
See help (-h) for more options

Run completed:  
   Problem size        =  30 
   MPI tasks           =  1 
   Iteration count     =  932 
   Final Origin Energy = 2.025075e+05 
   Testing Plane 0 of Energy Array on rank 0:
        MaxAbsDiff   = 6.184564e-11
        TotalAbsDiff = 7.276716e-10
        MaxRelDiff   = 4.923912e-12


Elapsed time         =       7.22 (s)
Grind time (us/z/c)  = 0.28689763 (per dom)  (0.28689763 overall)
FOM                  =  3485.5638 (z/s)

