
DISK GROUP QUOTAS for home and project file systems:
Filesystem                                 Quota     Used Space     Free Space
/home/hpc/h039y           ($HOME)        102.4GB   10.3GB (10%)   92.1GB (90%)
/gpfs/work/h039y          ($WORK)        1000.0GB   24.0MB ( 0%)  1000.0GB (100%)
-------------------------------------------------------------------------------

Executing LRZ User Prolog ...
Currently Loaded Modulefiles:
 1) admin/1.0      4) intel/16.0   7) userlog/1.0  10) mpi.intel/5.1  
 2) tempdir/1.0    5) mkl/11.3     8) lrz/default  
 3) lrztools/1.0   6) poe/1.4      9) gcc/5        
Running problem size 30^3 per domain until completion
Num processors: 1
Num threads: 1
Total number of elements: 27000

To run other sizes, use -s <integer>.
To run a fixed number of iterations, use -i <integer>.
To run a more or less balanced region set, use -b <integer>.
To change the relative costs of regions, use -c <integer>.
To print out progress, use -p
To write an output file for VisIt, use -v
See help (-h) for more options

Run completed:  
   Problem size        =  30 
   MPI tasks           =  1 
   Iteration count     =  932 
   Final Origin Energy = 2.025075e+05 
   Testing Plane 0 of Energy Array on rank 0:
        MaxAbsDiff   = 3.547029e-11
        TotalAbsDiff = 6.427205e-10
        MaxRelDiff   = 4.923276e-12


Elapsed time         =      32.51 (s)
Grind time (us/z/c)  =  1.2919847 (per dom)  ( 1.2919847 overall)
FOM                  =  774.00295 (z/s)

Running problem size 30^3 per domain until completion
Num processors: 1
Num threads: 2
Total number of elements: 27000

To run other sizes, use -s <integer>.
To run a fixed number of iterations, use -i <integer>.
To run a more or less balanced region set, use -b <integer>.
To change the relative costs of regions, use -c <integer>.
To print out progress, use -p
To write an output file for VisIt, use -v
See help (-h) for more options

Run completed:  
   Problem size        =  30 
   MPI tasks           =  1 
   Iteration count     =  932 
   Final Origin Energy = 2.025075e+05 
   Testing Plane 0 of Energy Array on rank 0:
        MaxAbsDiff   = 1.055014e-10
        TotalAbsDiff = 7.574359e-10
        MaxRelDiff   = 4.951679e-12


Elapsed time         =      20.14 (s)
Grind time (us/z/c)  = 0.80030254 (per dom)  (0.80030254 overall)
FOM                  =  1249.5275 (z/s)

Running problem size 30^3 per domain until completion
Num processors: 1
Num threads: 4
Total number of elements: 27000

To run other sizes, use -s <integer>.
To run a fixed number of iterations, use -i <integer>.
To run a more or less balanced region set, use -b <integer>.
To change the relative costs of regions, use -c <integer>.
To print out progress, use -p
To write an output file for VisIt, use -v
See help (-h) for more options

Run completed:  
   Problem size        =  30 
   MPI tasks           =  1 
   Iteration count     =  932 
   Final Origin Energy = 2.025075e+05 
   Testing Plane 0 of Energy Array on rank 0:
        MaxAbsDiff   = 1.055014e-10
        TotalAbsDiff = 7.574359e-10
        MaxRelDiff   = 4.951679e-12


Elapsed time         =      11.34 (s)
Grind time (us/z/c)  = 0.45047886 (per dom)  (0.45047886 overall)
FOM                  =    2219.86 (z/s)

Running problem size 30^3 per domain until completion
Num processors: 1
Num threads: 8
Total number of elements: 27000

To run other sizes, use -s <integer>.
To run a fixed number of iterations, use -i <integer>.
To run a more or less balanced region set, use -b <integer>.
To change the relative costs of regions, use -c <integer>.
To print out progress, use -p
To write an output file for VisIt, use -v
See help (-h) for more options

Run completed:  
   Problem size        =  30 
   MPI tasks           =  1 
   Iteration count     =  932 
   Final Origin Energy = 2.025075e+05 
   Testing Plane 0 of Energy Array on rank 0:
        MaxAbsDiff   = 1.055014e-10
        TotalAbsDiff = 7.574359e-10
        MaxRelDiff   = 4.951679e-12


Elapsed time         =       7.63 (s)
Grind time (us/z/c)  =  0.3031752 (per dom)  ( 0.3031752 overall)
FOM                  =  3298.4228 (z/s)

Running problem size 30^3 per domain until completion
Num processors: 1
Num threads: 16
Total number of elements: 27000

To run other sizes, use -s <integer>.
To run a fixed number of iterations, use -i <integer>.
To run a more or less balanced region set, use -b <integer>.
To change the relative costs of regions, use -c <integer>.
To print out progress, use -p
To write an output file for VisIt, use -v
See help (-h) for more options

Run completed:  
   Problem size        =  30 
   MPI tasks           =  1 
   Iteration count     =  932 
   Final Origin Energy = 2.025075e+05 
   Testing Plane 0 of Energy Array on rank 0:
        MaxAbsDiff   = 1.055014e-10
        TotalAbsDiff = 7.574359e-10
        MaxRelDiff   = 4.951679e-12


Elapsed time         =       6.50 (s)
Grind time (us/z/c)  = 0.25850418 (per dom)  (0.25850418 overall)
FOM                  =  3868.4094 (z/s)

