
DISK GROUP QUOTAS for home and project file systems:
Filesystem                                 Quota     Used Space     Free Space
/home/hpc/h039y           ($HOME)        102.4GB   10.2GB (10%)   92.2GB (90%)
/gpfs/work/h039y          ($WORK)        1000.0GB   24.0MB ( 0%)  1000.0GB (100%)
-------------------------------------------------------------------------------

Executing LRZ User Prolog ...
Currently Loaded Modulefiles:
 1) admin/1.0      4) intel/16.0   7) userlog/1.0  10) mpi.intel/5.1  
 2) tempdir/1.0    5) mkl/11.3     8) lrz/default  
 3) lrztools/1.0   6) poe/1.4      9) gcc/5        
Running problem size 30^3 per domain until completion
Num processors: 1
Total number of elements: 27000

To run other sizes, use -s <integer>.
To run a fixed number of iterations, use -i <integer>.
To run a more or less balanced region set, use -b <integer>.
To change the relative costs of regions, use -c <integer>.
To print out progress, use -p
To write an output file for VisIt, use -v
See help (-h) for more options

Run completed:  
   Problem size        =  30 
   MPI tasks           =  1 
   Iteration count     =  932 
   Final Origin Energy = 2.025075e+05 
   Testing Plane 0 of Energy Array on rank 0:
        MaxAbsDiff   = 5.456968e-11
        TotalAbsDiff = 7.555418e-10
        MaxRelDiff   = 5.816278e-12


Elapsed time         =      27.58 (s)
Grind time (us/z/c)  =  1.0958665 (per dom)  ( 1.0958665 overall)
FOM                  =  912.51993 (z/s)

Running problem size 30^3 per domain until completion
Num processors: 8
Total number of elements: 216000

To run other sizes, use -s <integer>.
To run a fixed number of iterations, use -i <integer>.
To run a more or less balanced region set, use -b <integer>.
To change the relative costs of regions, use -c <integer>.
To print out progress, use -p
To write an output file for VisIt, use -v
See help (-h) for more options

Run completed:  
   Problem size        =  30 
   MPI tasks           =  8 
   Iteration count     =  2031 
   Final Origin Energy = 7.130703e+05 
   Testing Plane 0 of Energy Array on rank 0:
        MaxAbsDiff   = 2.473826e-10
        TotalAbsDiff = 4.400306e-09
        MaxRelDiff   = 3.071343e-14


Elapsed time         =      64.78 (s)
Grind time (us/z/c)  =  1.1813361 (per dom)  (0.14766701 overall)
FOM                  =  6771.9933 (z/s)

Running problem size 30^3 per domain until completion
Num processors: 27
Total number of elements: 729000

To run other sizes, use -s <integer>.
To run a fixed number of iterations, use -i <integer>.
To run a more or less balanced region set, use -b <integer>.
To change the relative costs of regions, use -c <integer>.
To print out progress, use -p
To write an output file for VisIt, use -v
See help (-h) for more options

Run completed:  
   Problem size        =  30 
   MPI tasks           =  27 
   Iteration count     =  3145 
   Final Origin Energy = 1.482403e+06 
   Testing Plane 0 of Energy Array on rank 0:
        MaxAbsDiff   = 4.802132e-10
        TotalAbsDiff = 1.065109e-08
        MaxRelDiff   = 3.925623e-14


Elapsed time         =     112.30 (s)
Grind time (us/z/c)  =  1.3224896 (per dom)  (0.048981095 overall)
FOM                  =   20416.04 (z/s)

