
DISK GROUP QUOTAS for home and project file systems:
Filesystem                                 Quota     Used Space     Free Space
/home/hpc/h039y           ($HOME)        102.4GB   10.1GB (10%)   92.3GB (90%)
/gpfs/work/h039y          ($WORK)        1000.0GB   24.0MB ( 0%)  1000.0GB (100%)
-------------------------------------------------------------------------------

Executing LRZ User Prolog ...
Currently Loaded Modulefiles:
 1) admin/1.0      4) intel/16.0   7) userlog/1.0  10) mpi.intel/5.1  
 2) tempdir/1.0    5) mkl/11.3     8) lrz/default  
 3) lrztools/1.0   6) poe/1.4      9) gcc/5        
Running problem size 30^3 per domain until completion
Num processors: 1
Total number of elements: 27000

To run other sizes, use -s <integer>.
To run a fixed number of iterations, use -i <integer>.
To run a more or less balanced region set, use -b <integer>.
To change the relative costs of regions, use -c <integer>.
To print out progress, use -p
To write an output file for VisIt, use -v
See help (-h) for more options

Run completed:  
   Problem size        =  30 
   MPI tasks           =  1 
   Iteration count     =  932 
   Final Origin Energy = 2.025075e+05 
   Testing Plane 0 of Energy Array on rank 0:
        MaxAbsDiff   = 4.911271e-11
        TotalAbsDiff = 7.952690e-10
        MaxRelDiff   = 1.311667e-12


Elapsed time         =      29.32 (s)
Grind time (us/z/c)  =  1.1649633 (per dom)  ( 1.1649633 overall)
FOM                  =  858.39612 (z/s)

Running problem size 30^3 per domain until completion
Num processors: 1
Total number of elements: 27000

To run other sizes, use -s <integer>.
To run a fixed number of iterations, use -i <integer>.
To run a more or less balanced region set, use -b <integer>.
To change the relative costs of regions, use -c <integer>.
To print out progress, use -p
To write an output file for VisIt, use -v
See help (-h) for more options

Run completed:  
   Problem size        =  30 
   MPI tasks           =  1 
   Iteration count     =  932 
   Final Origin Energy = 2.025075e+05 
   Testing Plane 0 of Energy Array on rank 0:
        MaxAbsDiff   = 4.911271e-11
        TotalAbsDiff = 7.952690e-10
        MaxRelDiff   = 1.311667e-12


Elapsed time         =      33.91 (s)
Grind time (us/z/c)  =  1.3477216 (per dom)  ( 1.3477216 overall)
FOM                  =  741.99299 (z/s)

Running problem size 30^3 per domain until completion
Num processors: 1
Total number of elements: 27000

To run other sizes, use -s <integer>.
To run a fixed number of iterations, use -i <integer>.
To run a more or less balanced region set, use -b <integer>.
To change the relative costs of regions, use -c <integer>.
To print out progress, use -p
To write an output file for VisIt, use -v
See help (-h) for more options

Run completed:  
   Problem size        =  30 
   MPI tasks           =  1 
   Iteration count     =  932 
   Final Origin Energy = 2.025075e+05 
   Testing Plane 0 of Energy Array on rank 0:
        MaxAbsDiff   = 4.911271e-11
        TotalAbsDiff = 7.952690e-10
        MaxRelDiff   = 1.311667e-12


Elapsed time         =      29.69 (s)
Grind time (us/z/c)  =  1.1799848 (per dom)  ( 1.1799848 overall)
FOM                  =  847.46853 (z/s)

Running problem size 30^3 per domain until completion
Num processors: 1
Total number of elements: 27000

To run other sizes, use -s <integer>.
To run a fixed number of iterations, use -i <integer>.
To run a more or less balanced region set, use -b <integer>.
To change the relative costs of regions, use -c <integer>.
To print out progress, use -p
To write an output file for VisIt, use -v
See help (-h) for more options

Run completed:  
   Problem size        =  30 
   MPI tasks           =  1 
   Iteration count     =  932 
   Final Origin Energy = 2.025075e+05 
   Testing Plane 0 of Energy Array on rank 0:
        MaxAbsDiff   = 4.911271e-11
        TotalAbsDiff = 7.952690e-10
        MaxRelDiff   = 1.311667e-12


Elapsed time         =      29.86 (s)
Grind time (us/z/c)  =  1.1865501 (per dom)  ( 1.1865501 overall)
FOM                  =  842.77941 (z/s)

Running problem size 30^3 per domain until completion
Num processors: 1
Total number of elements: 27000

To run other sizes, use -s <integer>.
To run a fixed number of iterations, use -i <integer>.
To run a more or less balanced region set, use -b <integer>.
To change the relative costs of regions, use -c <integer>.
To print out progress, use -p
To write an output file for VisIt, use -v
See help (-h) for more options

Run completed:  
   Problem size        =  30 
   MPI tasks           =  1 
   Iteration count     =  932 
   Final Origin Energy = 2.025075e+05 
   Testing Plane 0 of Energy Array on rank 0:
        MaxAbsDiff   = 4.911271e-11
        TotalAbsDiff = 7.952690e-10
        MaxRelDiff   = 1.311667e-12


Elapsed time         =      29.50 (s)
Grind time (us/z/c)  =  1.1724753 (per dom)  ( 1.1724753 overall)
FOM                  =  852.89645 (z/s)

Running problem size 30^3 per domain until completion
Num processors: 1
Total number of elements: 27000

To run other sizes, use -s <integer>.
To run a fixed number of iterations, use -i <integer>.
To run a more or less balanced region set, use -b <integer>.
To change the relative costs of regions, use -c <integer>.
To print out progress, use -p
To write an output file for VisIt, use -v
See help (-h) for more options

Run completed:  
   Problem size        =  30 
   MPI tasks           =  1 
   Iteration count     =  932 
   Final Origin Energy = 2.025075e+05 
   Testing Plane 0 of Energy Array on rank 0:
        MaxAbsDiff   = 4.911271e-11
        TotalAbsDiff = 7.952690e-10
        MaxRelDiff   = 1.311667e-12


Elapsed time         =      33.74 (s)
Grind time (us/z/c)  =   1.340671 (per dom)  (  1.340671 overall)
FOM                  =  745.89518 (z/s)

Running problem size 30^3 per domain until completion
Num processors: 1
Total number of elements: 27000

To run other sizes, use -s <integer>.
To run a fixed number of iterations, use -i <integer>.
To run a more or less balanced region set, use -b <integer>.
To change the relative costs of regions, use -c <integer>.
To print out progress, use -p
To write an output file for VisIt, use -v
See help (-h) for more options

Run completed:  
   Problem size        =  30 
   MPI tasks           =  1 
   Iteration count     =  932 
   Final Origin Energy = 2.025075e+05 
   Testing Plane 0 of Energy Array on rank 0:
        MaxAbsDiff   = 4.911271e-11
        TotalAbsDiff = 7.952690e-10
        MaxRelDiff   = 1.311667e-12


Elapsed time         =      29.54 (s)
Grind time (us/z/c)  =   1.173965 (per dom)  (  1.173965 overall)
FOM                  =  851.81416 (z/s)

Running problem size 30^3 per domain until completion
Num processors: 1
Total number of elements: 27000

To run other sizes, use -s <integer>.
To run a fixed number of iterations, use -i <integer>.
To run a more or less balanced region set, use -b <integer>.
To change the relative costs of regions, use -c <integer>.
To print out progress, use -p
To write an output file for VisIt, use -v
See help (-h) for more options

Run completed:  
   Problem size        =  30 
   MPI tasks           =  1 
   Iteration count     =  932 
   Final Origin Energy = 2.025075e+05 
   Testing Plane 0 of Energy Array on rank 0:
        MaxAbsDiff   = 4.911271e-11
        TotalAbsDiff = 7.952690e-10
        MaxRelDiff   = 1.311667e-12


Elapsed time         =      29.16 (s)
Grind time (us/z/c)  =  1.1586182 (per dom)  ( 1.1586182 overall)
FOM                  =   863.0971 (z/s)

Running problem size 30^3 per domain until completion
Num processors: 1
Total number of elements: 27000

To run other sizes, use -s <integer>.
To run a fixed number of iterations, use -i <integer>.
To run a more or less balanced region set, use -b <integer>.
To change the relative costs of regions, use -c <integer>.
To print out progress, use -p
To write an output file for VisIt, use -v
See help (-h) for more options

Run completed:  
   Problem size        =  30 
   MPI tasks           =  1 
   Iteration count     =  932 
   Final Origin Energy = 2.025075e+05 
   Testing Plane 0 of Energy Array on rank 0:
        MaxAbsDiff   = 4.911271e-11
        TotalAbsDiff = 7.952690e-10
        MaxRelDiff   = 1.311667e-12


Elapsed time         =      33.57 (s)
Grind time (us/z/c)  =  1.3338594 (per dom)  ( 1.3338594 overall)
FOM                  =  749.70418 (z/s)

Running problem size 30^3 per domain until completion
Num processors: 1
Total number of elements: 27000

To run other sizes, use -s <integer>.
To run a fixed number of iterations, use -i <integer>.
To run a more or less balanced region set, use -b <integer>.
To change the relative costs of regions, use -c <integer>.
To print out progress, use -p
To write an output file for VisIt, use -v
See help (-h) for more options

Run completed:  
   Problem size        =  30 
   MPI tasks           =  1 
   Iteration count     =  932 
   Final Origin Energy = 2.025075e+05 
   Testing Plane 0 of Energy Array on rank 0:
        MaxAbsDiff   = 4.911271e-11
        TotalAbsDiff = 7.952690e-10
        MaxRelDiff   = 1.311667e-12


Elapsed time         =      29.15 (s)
Grind time (us/z/c)  =  1.1582398 (per dom)  ( 1.1582398 overall)
FOM                  =  863.37908 (z/s)

Running problem size 30^3 per domain until completion
Num processors: 1
Total number of elements: 27000

To run other sizes, use -s <integer>.
To run a fixed number of iterations, use -i <integer>.
To run a more or less balanced region set, use -b <integer>.
To change the relative costs of regions, use -c <integer>.
To print out progress, use -p
To write an output file for VisIt, use -v
See help (-h) for more options

Run completed:  
   Problem size        =  30 
   MPI tasks           =  1 
   Iteration count     =  932 
   Final Origin Energy = 2.025075e+05 
   Testing Plane 0 of Energy Array on rank 0:
        MaxAbsDiff   = 4.911271e-11
        TotalAbsDiff = 7.952690e-10
        MaxRelDiff   = 1.311667e-12


Elapsed time         =      33.79 (s)
Grind time (us/z/c)  =  1.3428673 (per dom)  ( 1.3428673 overall)
FOM                  =  744.67521 (z/s)

Running problem size 30^3 per domain until completion
Num processors: 1
Total number of elements: 27000

To run other sizes, use -s <integer>.
To run a fixed number of iterations, use -i <integer>.
To run a more or less balanced region set, use -b <integer>.
To change the relative costs of regions, use -c <integer>.
To print out progress, use -p
To write an output file for VisIt, use -v
See help (-h) for more options

Run completed:  
   Problem size        =  30 
   MPI tasks           =  1 
   Iteration count     =  932 
   Final Origin Energy = 2.025075e+05 
   Testing Plane 0 of Energy Array on rank 0:
        MaxAbsDiff   = 4.911271e-11
        TotalAbsDiff = 7.952690e-10
        MaxRelDiff   = 1.311667e-12


Elapsed time         =      33.16 (s)
Grind time (us/z/c)  =  1.3179443 (per dom)  ( 1.3179443 overall)
FOM                  =  758.75739 (z/s)

Running problem size 30^3 per domain until completion
Num processors: 1
Total number of elements: 27000

To run other sizes, use -s <integer>.
To run a fixed number of iterations, use -i <integer>.
To run a more or less balanced region set, use -b <integer>.
To change the relative costs of regions, use -c <integer>.
To print out progress, use -p
To write an output file for VisIt, use -v
See help (-h) for more options

Run completed:  
   Problem size        =  30 
   MPI tasks           =  1 
   Iteration count     =  932 
   Final Origin Energy = 2.025075e+05 
   Testing Plane 0 of Energy Array on rank 0:
        MaxAbsDiff   = 4.001777e-11
        TotalAbsDiff = 6.748414e-10
        MaxRelDiff   = 1.502434e-12


Elapsed time         =      33.79 (s)
Grind time (us/z/c)  =  1.3427539 (per dom)  ( 1.3427539 overall)
FOM                  =  744.73813 (z/s)

Running problem size 30^3 per domain until completion
Num processors: 1
Total number of elements: 27000

To run other sizes, use -s <integer>.
To run a fixed number of iterations, use -i <integer>.
To run a more or less balanced region set, use -b <integer>.
To change the relative costs of regions, use -c <integer>.
To print out progress, use -p
To write an output file for VisIt, use -v
See help (-h) for more options

Run completed:  
   Problem size        =  30 
   MPI tasks           =  1 
   Iteration count     =  932 
   Final Origin Energy = 2.025075e+05 
   Testing Plane 0 of Energy Array on rank 0:
        MaxAbsDiff   = 4.001777e-11
        TotalAbsDiff = 6.748414e-10
        MaxRelDiff   = 1.502434e-12


Elapsed time         =      33.68 (s)
Grind time (us/z/c)  =  1.3382801 (per dom)  ( 1.3382801 overall)
FOM                  =  747.22774 (z/s)

Running problem size 30^3 per domain until completion
Num processors: 1
Total number of elements: 27000

To run other sizes, use -s <integer>.
To run a fixed number of iterations, use -i <integer>.
To run a more or less balanced region set, use -b <integer>.
To change the relative costs of regions, use -c <integer>.
To print out progress, use -p
To write an output file for VisIt, use -v
See help (-h) for more options

Run completed:  
   Problem size        =  30 
   MPI tasks           =  1 
   Iteration count     =  932 
   Final Origin Energy = 2.025075e+05 
   Testing Plane 0 of Energy Array on rank 0:
        MaxAbsDiff   = 4.001777e-11
        TotalAbsDiff = 6.748414e-10
        MaxRelDiff   = 1.502434e-12


Elapsed time         =      33.84 (s)
Grind time (us/z/c)  =  1.3447211 (per dom)  ( 1.3447211 overall)
FOM                  =   743.6486 (z/s)

Running problem size 30^3 per domain until completion
Num processors: 1
Total number of elements: 27000

To run other sizes, use -s <integer>.
To run a fixed number of iterations, use -i <integer>.
To run a more or less balanced region set, use -b <integer>.
To change the relative costs of regions, use -c <integer>.
To print out progress, use -p
To write an output file for VisIt, use -v
See help (-h) for more options

Run completed:  
   Problem size        =  30 
   MPI tasks           =  1 
   Iteration count     =  932 
   Final Origin Energy = 2.025075e+05 
   Testing Plane 0 of Energy Array on rank 0:
        MaxAbsDiff   = 4.001777e-11
        TotalAbsDiff = 6.748414e-10
        MaxRelDiff   = 1.502434e-12


Elapsed time         =      37.42 (s)
Grind time (us/z/c)  =  1.4868999 (per dom)  ( 1.4868999 overall)
FOM                  =  672.54023 (z/s)

Running problem size 30^3 per domain until completion
Num processors: 1
Total number of elements: 27000

To run other sizes, use -s <integer>.
To run a fixed number of iterations, use -i <integer>.
To run a more or less balanced region set, use -b <integer>.
To change the relative costs of regions, use -c <integer>.
To print out progress, use -p
To write an output file for VisIt, use -v
See help (-h) for more options

Run completed:  
   Problem size        =  30 
   MPI tasks           =  1 
   Iteration count     =  932 
   Final Origin Energy = 2.025075e+05 
   Testing Plane 0 of Energy Array on rank 0:
        MaxAbsDiff   = 4.001777e-11
        TotalAbsDiff = 6.748414e-10
        MaxRelDiff   = 1.502434e-12


Elapsed time         =      33.63 (s)
Grind time (us/z/c)  =  1.3366277 (per dom)  ( 1.3366277 overall)
FOM                  =   748.1515 (z/s)

Running problem size 30^3 per domain until completion
Num processors: 1
Total number of elements: 27000

To run other sizes, use -s <integer>.
To run a fixed number of iterations, use -i <integer>.
To run a more or less balanced region set, use -b <integer>.
To change the relative costs of regions, use -c <integer>.
To print out progress, use -p
To write an output file for VisIt, use -v
See help (-h) for more options

Run completed:  
   Problem size        =  30 
   MPI tasks           =  1 
   Iteration count     =  932 
   Final Origin Energy = 2.025075e+05 
   Testing Plane 0 of Energy Array on rank 0:
        MaxAbsDiff   = 4.001777e-11
        TotalAbsDiff = 6.748414e-10
        MaxRelDiff   = 1.502434e-12


Elapsed time         =      33.97 (s)
Grind time (us/z/c)  =  1.3498014 (per dom)  ( 1.3498014 overall)
FOM                  =  740.84972 (z/s)

Running problem size 30^3 per domain until completion
Num processors: 1
Total number of elements: 27000

To run other sizes, use -s <integer>.
To run a fixed number of iterations, use -i <integer>.
To run a more or less balanced region set, use -b <integer>.
To change the relative costs of regions, use -c <integer>.
To print out progress, use -p
To write an output file for VisIt, use -v
See help (-h) for more options

Run completed:  
   Problem size        =  30 
   MPI tasks           =  1 
   Iteration count     =  932 
   Final Origin Energy = 2.025075e+05 
   Testing Plane 0 of Energy Array on rank 0:
        MaxAbsDiff   = 4.001777e-11
        TotalAbsDiff = 6.748414e-10
        MaxRelDiff   = 1.502434e-12


Elapsed time         =      37.12 (s)
Grind time (us/z/c)  =  1.4750734 (per dom)  ( 1.4750734 overall)
FOM                  =  677.93238 (z/s)

Running problem size 30^3 per domain until completion
Num processors: 1
Total number of elements: 27000

To run other sizes, use -s <integer>.
To run a fixed number of iterations, use -i <integer>.
To run a more or less balanced region set, use -b <integer>.
To change the relative costs of regions, use -c <integer>.
To print out progress, use -p
To write an output file for VisIt, use -v
See help (-h) for more options

Run completed:  
   Problem size        =  30 
   MPI tasks           =  1 
   Iteration count     =  932 
   Final Origin Energy = 2.025075e+05 
   Testing Plane 0 of Energy Array on rank 0:
        MaxAbsDiff   = 4.001777e-11
        TotalAbsDiff = 6.748414e-10
        MaxRelDiff   = 1.502434e-12


Elapsed time         =      33.96 (s)
Grind time (us/z/c)  =  1.3495797 (per dom)  ( 1.3495797 overall)
FOM                  =  740.97144 (z/s)

Running problem size 30^3 per domain until completion
Num processors: 1
Total number of elements: 27000

To run other sizes, use -s <integer>.
To run a fixed number of iterations, use -i <integer>.
To run a more or less balanced region set, use -b <integer>.
To change the relative costs of regions, use -c <integer>.
To print out progress, use -p
To write an output file for VisIt, use -v
See help (-h) for more options

Run completed:  
   Problem size        =  30 
   MPI tasks           =  1 
   Iteration count     =  932 
   Final Origin Energy = 2.025075e+05 
   Testing Plane 0 of Energy Array on rank 0:
        MaxAbsDiff   = 4.001777e-11
        TotalAbsDiff = 6.748414e-10
        MaxRelDiff   = 1.502434e-12


Elapsed time         =      37.43 (s)
Grind time (us/z/c)  =   1.487354 (per dom)  (  1.487354 overall)
FOM                  =  672.33492 (z/s)

Running problem size 30^3 per domain until completion
Num processors: 1
Total number of elements: 27000

To run other sizes, use -s <integer>.
To run a fixed number of iterations, use -i <integer>.
To run a more or less balanced region set, use -b <integer>.
To change the relative costs of regions, use -c <integer>.
To print out progress, use -p
To write an output file for VisIt, use -v
See help (-h) for more options

Run completed:  
   Problem size        =  30 
   MPI tasks           =  1 
   Iteration count     =  932 
   Final Origin Energy = 2.025075e+05 
   Testing Plane 0 of Energy Array on rank 0:
        MaxAbsDiff   = 4.001777e-11
        TotalAbsDiff = 6.748414e-10
        MaxRelDiff   = 1.502434e-12


Elapsed time         =      37.32 (s)
Grind time (us/z/c)  =  1.4828948 (per dom)  ( 1.4828948 overall)
FOM                  =  674.35667 (z/s)

Running problem size 30^3 per domain until completion
Num processors: 1
Total number of elements: 27000

To run other sizes, use -s <integer>.
To run a fixed number of iterations, use -i <integer>.
To run a more or less balanced region set, use -b <integer>.
To change the relative costs of regions, use -c <integer>.
To print out progress, use -p
To write an output file for VisIt, use -v
See help (-h) for more options

Run completed:  
   Problem size        =  30 
   MPI tasks           =  1 
   Iteration count     =  932 
   Final Origin Energy = 2.025075e+05 
   Testing Plane 0 of Energy Array on rank 0:
        MaxAbsDiff   = 4.001777e-11
        TotalAbsDiff = 6.748414e-10
        MaxRelDiff   = 1.502434e-12


Elapsed time         =      33.65 (s)
Grind time (us/z/c)  =   1.337128 (per dom)  (  1.337128 overall)
FOM                  =  747.87156 (z/s)

Running problem size 30^3 per domain until completion
Num processors: 1
Total number of elements: 27000

To run other sizes, use -s <integer>.
To run a fixed number of iterations, use -i <integer>.
To run a more or less balanced region set, use -b <integer>.
To change the relative costs of regions, use -c <integer>.
To print out progress, use -p
To write an output file for VisIt, use -v
See help (-h) for more options

Run completed:  
   Problem size        =  30 
   MPI tasks           =  1 
   Iteration count     =  932 
   Final Origin Energy = 2.025075e+05 
   Testing Plane 0 of Energy Array on rank 0:
        MaxAbsDiff   = 4.001777e-11
        TotalAbsDiff = 6.748414e-10
        MaxRelDiff   = 1.502434e-12


Elapsed time         =      34.13 (s)
Grind time (us/z/c)  =  1.3562421 (per dom)  ( 1.3562421 overall)
FOM                  =  737.33151 (z/s)

Running problem size 30^3 per domain until completion
Num processors: 1
Total number of elements: 27000

To run other sizes, use -s <integer>.
To run a fixed number of iterations, use -i <integer>.
To run a more or less balanced region set, use -b <integer>.
To change the relative costs of regions, use -c <integer>.
To print out progress, use -p
To write an output file for VisIt, use -v
See help (-h) for more options

Run completed:  
   Problem size        =  30 
   MPI tasks           =  1 
   Iteration count     =  932 
   Final Origin Energy = 2.025075e+05 
   Testing Plane 0 of Energy Array on rank 0:
        MaxAbsDiff   = 4.001777e-11
        TotalAbsDiff = 6.748414e-10
        MaxRelDiff   = 1.502434e-12


Elapsed time         =      37.07 (s)
Grind time (us/z/c)  =  1.4731909 (per dom)  ( 1.4731909 overall)
FOM                  =  678.79863 (z/s)

Running problem size 30^3 per domain until completion
Num processors: 1
Total number of elements: 27000

To run other sizes, use -s <integer>.
To run a fixed number of iterations, use -i <integer>.
To run a more or less balanced region set, use -b <integer>.
To change the relative costs of regions, use -c <integer>.
To print out progress, use -p
To write an output file for VisIt, use -v
See help (-h) for more options

Run completed:  
   Problem size        =  30 
   MPI tasks           =  1 
   Iteration count     =  932 
   Final Origin Energy = 2.025075e+05 
   Testing Plane 0 of Energy Array on rank 0:
        MaxAbsDiff   = 4.001777e-11
        TotalAbsDiff = 6.748414e-10
        MaxRelDiff   = 1.502434e-12


Elapsed time         =      33.86 (s)
Grind time (us/z/c)  =  1.3453834 (per dom)  ( 1.3453834 overall)
FOM                  =  743.28257 (z/s)

Running problem size 30^3 per domain until completion
Num processors: 1
Total number of elements: 27000

To run other sizes, use -s <integer>.
To run a fixed number of iterations, use -i <integer>.
To run a more or less balanced region set, use -b <integer>.
To change the relative costs of regions, use -c <integer>.
To print out progress, use -p
To write an output file for VisIt, use -v
See help (-h) for more options

Run completed:  
   Problem size        =  30 
   MPI tasks           =  1 
   Iteration count     =  932 
   Final Origin Energy = 2.025075e+05 
   Testing Plane 0 of Energy Array on rank 0:
        MaxAbsDiff   = 4.001777e-11
        TotalAbsDiff = 6.748414e-10
        MaxRelDiff   = 1.502434e-12


Elapsed time         =      37.24 (s)
Grind time (us/z/c)  =  1.4797346 (per dom)  ( 1.4797346 overall)
FOM                  =  675.79685 (z/s)

Running problem size 30^3 per domain until completion
Num processors: 1
Total number of elements: 27000

To run other sizes, use -s <integer>.
To run a fixed number of iterations, use -i <integer>.
To run a more or less balanced region set, use -b <integer>.
To change the relative costs of regions, use -c <integer>.
To print out progress, use -p
To write an output file for VisIt, use -v
See help (-h) for more options

Run completed:  
   Problem size        =  30 
   MPI tasks           =  1 
   Iteration count     =  932 
   Final Origin Energy = 2.025075e+05 
   Testing Plane 0 of Energy Array on rank 0:
        MaxAbsDiff   = 4.001777e-11
        TotalAbsDiff = 6.748414e-10
        MaxRelDiff   = 1.502434e-12


Elapsed time         =      37.46 (s)
Grind time (us/z/c)  =  1.4885333 (per dom)  ( 1.4885333 overall)
FOM                  =  671.80222 (z/s)

Running problem size 30^3 per domain until completion
Num processors: 1
Total number of elements: 27000

To run other sizes, use -s <integer>.
To run a fixed number of iterations, use -i <integer>.
To run a more or less balanced region set, use -b <integer>.
To change the relative costs of regions, use -c <integer>.
To print out progress, use -p
To write an output file for VisIt, use -v
See help (-h) for more options

Run completed:  
   Problem size        =  30 
   MPI tasks           =  1 
   Iteration count     =  932 
   Final Origin Energy = 2.025075e+05 
   Testing Plane 0 of Energy Array on rank 0:
        MaxAbsDiff   = 4.001777e-11
        TotalAbsDiff = 6.748414e-10
        MaxRelDiff   = 1.502434e-12


Elapsed time         =      33.89 (s)
Grind time (us/z/c)  =  1.3468119 (per dom)  ( 1.3468119 overall)
FOM                  =  742.49417 (z/s)

Running problem size 30^3 per domain until completion
Num processors: 1
Total number of elements: 27000

To run other sizes, use -s <integer>.
To run a fixed number of iterations, use -i <integer>.
To run a more or less balanced region set, use -b <integer>.
To change the relative costs of regions, use -c <integer>.
To print out progress, use -p
To write an output file for VisIt, use -v
See help (-h) for more options

Run completed:  
   Problem size        =  30 
   MPI tasks           =  1 
   Iteration count     =  932 
   Final Origin Energy = 2.025075e+05 
   Testing Plane 0 of Energy Array on rank 0:
        MaxAbsDiff   = 4.001777e-11
        TotalAbsDiff = 6.748414e-10
        MaxRelDiff   = 1.502434e-12


Elapsed time         =      37.62 (s)
Grind time (us/z/c)  =  1.4949696 (per dom)  ( 1.4949696 overall)
FOM                  =  668.90992 (z/s)

Running problem size 30^3 per domain until completion
Num processors: 1
Total number of elements: 27000

To run other sizes, use -s <integer>.
To run a fixed number of iterations, use -i <integer>.
To run a more or less balanced region set, use -b <integer>.
To change the relative costs of regions, use -c <integer>.
To print out progress, use -p
To write an output file for VisIt, use -v
See help (-h) for more options

Run completed:  
   Problem size        =  30 
   MPI tasks           =  1 
   Iteration count     =  932 
   Final Origin Energy = 2.025075e+05 
   Testing Plane 0 of Energy Array on rank 0:
        MaxAbsDiff   = 4.001777e-11
        TotalAbsDiff = 6.748414e-10
        MaxRelDiff   = 1.502434e-12


Elapsed time         =      37.51 (s)
Grind time (us/z/c)  =  1.4908189 (per dom)  ( 1.4908189 overall)
FOM                  =  670.77228 (z/s)

Running problem size 30^3 per domain until completion
Num processors: 1
Total number of elements: 27000

To run other sizes, use -s <integer>.
To run a fixed number of iterations, use -i <integer>.
To run a more or less balanced region set, use -b <integer>.
To change the relative costs of regions, use -c <integer>.
To print out progress, use -p
To write an output file for VisIt, use -v
See help (-h) for more options

Run completed:  
   Problem size        =  30 
   MPI tasks           =  1 
   Iteration count     =  932 
   Final Origin Energy = 2.025075e+05 
   Testing Plane 0 of Energy Array on rank 0:
        MaxAbsDiff   = 4.001777e-11
        TotalAbsDiff = 6.748414e-10
        MaxRelDiff   = 1.502434e-12


Elapsed time         =      37.31 (s)
Grind time (us/z/c)  =  1.4826588 (per dom)  ( 1.4826588 overall)
FOM                  =  674.46399 (z/s)

