
DISK GROUP QUOTAS for home and project file systems:
Filesystem                                 Quota     Used Space     Free Space
/home/hpc/h039y           ($HOME)        102.4GB   10.0GB (10%)   92.4GB (90%)
/gpfs/work/h039y          ($WORK)        1000.0GB   24.0MB ( 0%)  1000.0GB (100%)
-------------------------------------------------------------------------------

Executing LRZ User Prolog ...
Currently Loaded Modulefiles:
 1) admin/1.0      4) intel/16.0   7) userlog/1.0    
 2) tempdir/1.0    5) mkl/11.3     8) lrz/default    
 3) lrztools/1.0   6) poe/1.4      9) mpi.intel/5.1  
Running problem size 30^3 per domain until completion
Num processors: 1
Total number of elements: 27000

To run other sizes, use -s <integer>.
To run a fixed number of iterations, use -i <integer>.
To run a more or less balanced region set, use -b <integer>.
To change the relative costs of regions, use -c <integer>.
To print out progress, use -p
To write an output file for VisIt, use -v
See help (-h) for more options

Run completed:  
   Problem size        =  30 
   MPI tasks           =  1 
   Iteration count     =  932 
   Final Origin Energy = 2.025075e+05 
   Testing Plane 0 of Energy Array on rank 0:
        MaxAbsDiff   = 4.001777e-11
        TotalAbsDiff = 6.748414e-10
        MaxRelDiff   = 1.502434e-12


Elapsed time         =      33.92 (s)
Grind time (us/z/c)  =  1.3479759 (per dom)  ( 1.3479759 overall)
FOM                  =  741.85302 (z/s)

Running problem size 30^3 per domain until completion
Num processors: 1
Total number of elements: 27000

To run other sizes, use -s <integer>.
To run a fixed number of iterations, use -i <integer>.
To run a more or less balanced region set, use -b <integer>.
To change the relative costs of regions, use -c <integer>.
To print out progress, use -p
To write an output file for VisIt, use -v
See help (-h) for more options

Run completed:  
   Problem size        =  30 
   MPI tasks           =  1 
   Iteration count     =  932 
   Final Origin Energy = 2.025075e+05 
   Testing Plane 0 of Energy Array on rank 0:
        MaxAbsDiff   = 4.911271e-11
        TotalAbsDiff = 7.952690e-10
        MaxRelDiff   = 1.311667e-12


Elapsed time         =      29.64 (s)
Grind time (us/z/c)  =  1.1778737 (per dom)  ( 1.1778737 overall)
FOM                  =  848.98745 (z/s)

Running problem size 30^3 per domain until completion
Num processors: 1
Total number of elements: 27000

To run other sizes, use -s <integer>.
To run a fixed number of iterations, use -i <integer>.
To run a more or less balanced region set, use -b <integer>.
To change the relative costs of regions, use -c <integer>.
To print out progress, use -p
To write an output file for VisIt, use -v
See help (-h) for more options

Run completed:  
   Problem size        =  30 
   MPI tasks           =  1 
   Iteration count     =  932 
   Final Origin Energy = 2.025075e+05 
   Testing Plane 0 of Energy Array on rank 0:
        MaxAbsDiff   = 4.001777e-11
        TotalAbsDiff = 6.748414e-10
        MaxRelDiff   = 1.502434e-12


Elapsed time         =      33.91 (s)
Grind time (us/z/c)  =  1.3477271 (per dom)  ( 1.3477271 overall)
FOM                  =  741.98997 (z/s)

Running problem size 30^3 per domain until completion
Num processors: 1
Total number of elements: 27000

To run other sizes, use -s <integer>.
To run a fixed number of iterations, use -i <integer>.
To run a more or less balanced region set, use -b <integer>.
To change the relative costs of regions, use -c <integer>.
To print out progress, use -p
To write an output file for VisIt, use -v
See help (-h) for more options

Run completed:  
   Problem size        =  30 
   MPI tasks           =  1 
   Iteration count     =  932 
   Final Origin Energy = 2.025075e+05 
   Testing Plane 0 of Energy Array on rank 0:
        MaxAbsDiff   = 4.911271e-11
        TotalAbsDiff = 7.952690e-10
        MaxRelDiff   = 1.311667e-12


Elapsed time         =      29.55 (s)
Grind time (us/z/c)  =  1.1743898 (per dom)  ( 1.1743898 overall)
FOM                  =    851.506 (z/s)

Running problem size 30^3 per domain until completion
Num processors: 1
Total number of elements: 27000

To run other sizes, use -s <integer>.
To run a fixed number of iterations, use -i <integer>.
To run a more or less balanced region set, use -b <integer>.
To change the relative costs of regions, use -c <integer>.
To print out progress, use -p
To write an output file for VisIt, use -v
See help (-h) for more options

Run completed:  
   Problem size        =  30 
   MPI tasks           =  1 
   Iteration count     =  932 
   Final Origin Energy = 2.025075e+05 
   Testing Plane 0 of Energy Array on rank 0:
        MaxAbsDiff   = 4.001777e-11
        TotalAbsDiff = 6.748414e-10
        MaxRelDiff   = 1.502434e-12


Elapsed time         =      33.98 (s)
Grind time (us/z/c)  =  1.3505355 (per dom)  ( 1.3505355 overall)
FOM                  =  740.44704 (z/s)

Running problem size 30^3 per domain until completion
Num processors: 1
Total number of elements: 27000

To run other sizes, use -s <integer>.
To run a fixed number of iterations, use -i <integer>.
To run a more or less balanced region set, use -b <integer>.
To change the relative costs of regions, use -c <integer>.
To print out progress, use -p
To write an output file for VisIt, use -v
See help (-h) for more options

Run completed:  
   Problem size        =  30 
   MPI tasks           =  1 
   Iteration count     =  932 
   Final Origin Energy = 2.025075e+05 
   Testing Plane 0 of Energy Array on rank 0:
        MaxAbsDiff   = 4.001777e-11
        TotalAbsDiff = 6.748414e-10
        MaxRelDiff   = 1.502434e-12


Elapsed time         =      34.01 (s)
Grind time (us/z/c)  =   1.351465 (per dom)  (  1.351465 overall)
FOM                  =  739.93776 (z/s)

Running problem size 30^3 per domain until completion
Num processors: 1
Total number of elements: 27000

To run other sizes, use -s <integer>.
To run a fixed number of iterations, use -i <integer>.
To run a more or less balanced region set, use -b <integer>.
To change the relative costs of regions, use -c <integer>.
To print out progress, use -p
To write an output file for VisIt, use -v
See help (-h) for more options

Run completed:  
   Problem size        =  30 
   MPI tasks           =  1 
   Iteration count     =  932 
   Final Origin Energy = 2.025075e+05 
   Testing Plane 0 of Energy Array on rank 0:
        MaxAbsDiff   = 4.001777e-11
        TotalAbsDiff = 6.748414e-10
        MaxRelDiff   = 1.502434e-12


Elapsed time         =      33.88 (s)
Grind time (us/z/c)  =  1.3464269 (per dom)  ( 1.3464269 overall)
FOM                  =   742.7065 (z/s)

Running problem size 30^3 per domain until completion
Num processors: 1
Total number of elements: 27000

To run other sizes, use -s <integer>.
To run a fixed number of iterations, use -i <integer>.
To run a more or less balanced region set, use -b <integer>.
To change the relative costs of regions, use -c <integer>.
To print out progress, use -p
To write an output file for VisIt, use -v
See help (-h) for more options

Run completed:  
   Problem size        =  30 
   MPI tasks           =  1 
   Iteration count     =  932 
   Final Origin Energy = 2.025075e+05 
   Testing Plane 0 of Energy Array on rank 0:
        MaxAbsDiff   = 4.001777e-11
        TotalAbsDiff = 6.748414e-10
        MaxRelDiff   = 1.502434e-12


Elapsed time         =      34.04 (s)
Grind time (us/z/c)  =  1.3528568 (per dom)  ( 1.3528568 overall)
FOM                  =  739.17652 (z/s)

Running problem size 30^3 per domain until completion
Num processors: 1
Total number of elements: 27000

To run other sizes, use -s <integer>.
To run a fixed number of iterations, use -i <integer>.
To run a more or less balanced region set, use -b <integer>.
To change the relative costs of regions, use -c <integer>.
To print out progress, use -p
To write an output file for VisIt, use -v
See help (-h) for more options

Run completed:  
   Problem size        =  30 
   MPI tasks           =  1 
   Iteration count     =  932 
   Final Origin Energy = 2.025075e+05 
   Testing Plane 0 of Energy Array on rank 0:
        MaxAbsDiff   = 4.001777e-11
        TotalAbsDiff = 6.748414e-10
        MaxRelDiff   = 1.502434e-12


Elapsed time         =      37.50 (s)
Grind time (us/z/c)  =  1.4902626 (per dom)  ( 1.4902626 overall)
FOM                  =  671.02268 (z/s)

Running problem size 30^3 per domain until completion
Num processors: 1
Total number of elements: 27000

To run other sizes, use -s <integer>.
To run a fixed number of iterations, use -i <integer>.
To run a more or less balanced region set, use -b <integer>.
To change the relative costs of regions, use -c <integer>.
To print out progress, use -p
To write an output file for VisIt, use -v
See help (-h) for more options

Run completed:  
   Problem size        =  30 
   MPI tasks           =  1 
   Iteration count     =  932 
   Final Origin Energy = 2.025075e+05 
   Testing Plane 0 of Energy Array on rank 0:
        MaxAbsDiff   = 4.911271e-11
        TotalAbsDiff = 7.952690e-10
        MaxRelDiff   = 1.311667e-12


Elapsed time         =      29.72 (s)
Grind time (us/z/c)  =  1.1810897 (per dom)  ( 1.1810897 overall)
FOM                  =  846.67578 (z/s)

Running problem size 30^3 per domain until completion
Num processors: 1
Total number of elements: 27000

To run other sizes, use -s <integer>.
To run a fixed number of iterations, use -i <integer>.
To run a more or less balanced region set, use -b <integer>.
To change the relative costs of regions, use -c <integer>.
To print out progress, use -p
To write an output file for VisIt, use -v
See help (-h) for more options

Run completed:  
   Problem size        =  30 
   MPI tasks           =  1 
   Iteration count     =  932 
   Final Origin Energy = 2.025075e+05 
   Testing Plane 0 of Energy Array on rank 0:
        MaxAbsDiff   = 4.911271e-11
        TotalAbsDiff = 7.952690e-10
        MaxRelDiff   = 1.311667e-12


Elapsed time         =      29.71 (s)
Grind time (us/z/c)  =  1.1805976 (per dom)  ( 1.1805976 overall)
FOM                  =  847.02863 (z/s)

Running problem size 30^3 per domain until completion
Num processors: 1
Total number of elements: 27000

To run other sizes, use -s <integer>.
To run a fixed number of iterations, use -i <integer>.
To run a more or less balanced region set, use -b <integer>.
To change the relative costs of regions, use -c <integer>.
To print out progress, use -p
To write an output file for VisIt, use -v
See help (-h) for more options

Run completed:  
   Problem size        =  30 
   MPI tasks           =  1 
   Iteration count     =  932 
   Final Origin Energy = 2.025075e+05 
   Testing Plane 0 of Energy Array on rank 0:
        MaxAbsDiff   = 4.911271e-11
        TotalAbsDiff = 7.952690e-10
        MaxRelDiff   = 1.311667e-12


Elapsed time         =      29.54 (s)
Grind time (us/z/c)  =  1.1740611 (per dom)  ( 1.1740611 overall)
FOM                  =  851.74444 (z/s)

Running problem size 30^3 per domain until completion
Num processors: 1
Total number of elements: 27000

To run other sizes, use -s <integer>.
To run a fixed number of iterations, use -i <integer>.
To run a more or less balanced region set, use -b <integer>.
To change the relative costs of regions, use -c <integer>.
To print out progress, use -p
To write an output file for VisIt, use -v
See help (-h) for more options

Run completed:  
   Problem size        =  30 
   MPI tasks           =  1 
   Iteration count     =  932 
   Final Origin Energy = 2.025075e+05 
   Testing Plane 0 of Energy Array on rank 0:
        MaxAbsDiff   = 4.911271e-11
        TotalAbsDiff = 7.952690e-10
        MaxRelDiff   = 1.311667e-12


Elapsed time         =      29.28 (s)
Grind time (us/z/c)  =  1.1636303 (per dom)  ( 1.1636303 overall)
FOM                  =  859.37947 (z/s)

Running problem size 30^3 per domain until completion
Num processors: 1
Total number of elements: 27000

To run other sizes, use -s <integer>.
To run a fixed number of iterations, use -i <integer>.
To run a more or less balanced region set, use -b <integer>.
To change the relative costs of regions, use -c <integer>.
To print out progress, use -p
To write an output file for VisIt, use -v
See help (-h) for more options

Run completed:  
   Problem size        =  30 
   MPI tasks           =  1 
   Iteration count     =  932 
   Final Origin Energy = 2.025075e+05 
   Testing Plane 0 of Energy Array on rank 0:
        MaxAbsDiff   = 4.911271e-11
        TotalAbsDiff = 7.952690e-10
        MaxRelDiff   = 1.311667e-12


Elapsed time         =      33.88 (s)
Grind time (us/z/c)  =  1.3463683 (per dom)  ( 1.3463683 overall)
FOM                  =  742.73879 (z/s)

Running problem size 30^3 per domain until completion
Num processors: 1
Total number of elements: 27000

To run other sizes, use -s <integer>.
To run a fixed number of iterations, use -i <integer>.
To run a more or less balanced region set, use -b <integer>.
To change the relative costs of regions, use -c <integer>.
To print out progress, use -p
To write an output file for VisIt, use -v
See help (-h) for more options

Run completed:  
   Problem size        =  30 
   MPI tasks           =  1 
   Iteration count     =  932 
   Final Origin Energy = 2.025075e+05 
   Testing Plane 0 of Energy Array on rank 0:
        MaxAbsDiff   = 4.001777e-11
        TotalAbsDiff = 6.748414e-10
        MaxRelDiff   = 1.502434e-12


Elapsed time         =      33.84 (s)
Grind time (us/z/c)  =  1.3448204 (per dom)  ( 1.3448204 overall)
FOM                  =  743.59371 (z/s)

Running problem size 30^3 per domain until completion
Num processors: 1
Total number of elements: 27000

To run other sizes, use -s <integer>.
To run a fixed number of iterations, use -i <integer>.
To run a more or less balanced region set, use -b <integer>.
To change the relative costs of regions, use -c <integer>.
To print out progress, use -p
To write an output file for VisIt, use -v
See help (-h) for more options

Run completed:  
   Problem size        =  30 
   MPI tasks           =  1 
   Iteration count     =  932 
   Final Origin Energy = 2.025075e+05 
   Testing Plane 0 of Energy Array on rank 0:
        MaxAbsDiff   = 4.001777e-11
        TotalAbsDiff = 6.748414e-10
        MaxRelDiff   = 1.502434e-12


Elapsed time         =      33.87 (s)
Grind time (us/z/c)  =  1.3459454 (per dom)  ( 1.3459454 overall)
FOM                  =  742.97217 (z/s)

Running problem size 30^3 per domain until completion
Num processors: 1
Total number of elements: 27000

To run other sizes, use -s <integer>.
To run a fixed number of iterations, use -i <integer>.
To run a more or less balanced region set, use -b <integer>.
To change the relative costs of regions, use -c <integer>.
To print out progress, use -p
To write an output file for VisIt, use -v
See help (-h) for more options

Run completed:  
   Problem size        =  30 
   MPI tasks           =  1 
   Iteration count     =  932 
   Final Origin Energy = 2.025075e+05 
   Testing Plane 0 of Energy Array on rank 0:
        MaxAbsDiff   = 4.001777e-11
        TotalAbsDiff = 6.748414e-10
        MaxRelDiff   = 1.502434e-12


Elapsed time         =      33.84 (s)
Grind time (us/z/c)  =  1.3447634 (per dom)  ( 1.3447634 overall)
FOM                  =  743.62524 (z/s)

Running problem size 30^3 per domain until completion
Num processors: 1
Total number of elements: 27000

To run other sizes, use -s <integer>.
To run a fixed number of iterations, use -i <integer>.
To run a more or less balanced region set, use -b <integer>.
To change the relative costs of regions, use -c <integer>.
To print out progress, use -p
To write an output file for VisIt, use -v
See help (-h) for more options

Run completed:  
   Problem size        =  30 
   MPI tasks           =  1 
   Iteration count     =  932 
   Final Origin Energy = 2.025075e+05 
   Testing Plane 0 of Energy Array on rank 0:
        MaxAbsDiff   = 4.001777e-11
        TotalAbsDiff = 6.748414e-10
        MaxRelDiff   = 1.502434e-12


Elapsed time         =      34.07 (s)
Grind time (us/z/c)  =   1.353936 (per dom)  (  1.353936 overall)
FOM                  =  738.58734 (z/s)

Running problem size 30^3 per domain until completion
Num processors: 1
Total number of elements: 27000

To run other sizes, use -s <integer>.
To run a fixed number of iterations, use -i <integer>.
To run a more or less balanced region set, use -b <integer>.
To change the relative costs of regions, use -c <integer>.
To print out progress, use -p
To write an output file for VisIt, use -v
See help (-h) for more options

Run completed:  
   Problem size        =  30 
   MPI tasks           =  1 
   Iteration count     =  932 
   Final Origin Energy = 2.025075e+05 
   Testing Plane 0 of Energy Array on rank 0:
        MaxAbsDiff   = 4.001777e-11
        TotalAbsDiff = 6.748414e-10
        MaxRelDiff   = 1.502434e-12


Elapsed time         =      37.44 (s)
Grind time (us/z/c)  =  1.4878994 (per dom)  ( 1.4878994 overall)
FOM                  =  672.08846 (z/s)

Running problem size 30^3 per domain until completion
Num processors: 1
Total number of elements: 27000

To run other sizes, use -s <integer>.
To run a fixed number of iterations, use -i <integer>.
To run a more or less balanced region set, use -b <integer>.
To change the relative costs of regions, use -c <integer>.
To print out progress, use -p
To write an output file for VisIt, use -v
See help (-h) for more options

Run completed:  
   Problem size        =  30 
   MPI tasks           =  1 
   Iteration count     =  932 
   Final Origin Energy = 2.025075e+05 
   Testing Plane 0 of Energy Array on rank 0:
        MaxAbsDiff   = 4.001777e-11
        TotalAbsDiff = 6.748414e-10
        MaxRelDiff   = 1.502434e-12


Elapsed time         =      33.79 (s)
Grind time (us/z/c)  =  1.3428976 (per dom)  ( 1.3428976 overall)
FOM                  =   744.6584 (z/s)

Running problem size 30^3 per domain until completion
Num processors: 1
Total number of elements: 27000

To run other sizes, use -s <integer>.
To run a fixed number of iterations, use -i <integer>.
To run a more or less balanced region set, use -b <integer>.
To change the relative costs of regions, use -c <integer>.
To print out progress, use -p
To write an output file for VisIt, use -v
See help (-h) for more options

Run completed:  
   Problem size        =  30 
   MPI tasks           =  1 
   Iteration count     =  932 
   Final Origin Energy = 2.025075e+05 
   Testing Plane 0 of Energy Array on rank 0:
        MaxAbsDiff   = 4.001777e-11
        TotalAbsDiff = 6.748414e-10
        MaxRelDiff   = 1.502434e-12


Elapsed time         =      33.85 (s)
Grind time (us/z/c)  =    1.34536 (per dom)  (   1.34536 overall)
FOM                  =   743.2955 (z/s)

Running problem size 30^3 per domain until completion
Num processors: 1
Total number of elements: 27000

To run other sizes, use -s <integer>.
To run a fixed number of iterations, use -i <integer>.
To run a more or less balanced region set, use -b <integer>.
To change the relative costs of regions, use -c <integer>.
To print out progress, use -p
To write an output file for VisIt, use -v
See help (-h) for more options

Run completed:  
   Problem size        =  30 
   MPI tasks           =  1 
   Iteration count     =  932 
   Final Origin Energy = 2.025075e+05 
   Testing Plane 0 of Energy Array on rank 0:
        MaxAbsDiff   = 4.001777e-11
        TotalAbsDiff = 6.748414e-10
        MaxRelDiff   = 1.502434e-12


Elapsed time         =      33.82 (s)
Grind time (us/z/c)  =  1.3441539 (per dom)  ( 1.3441539 overall)
FOM                  =  743.96244 (z/s)

Running problem size 30^3 per domain until completion
Num processors: 1
Total number of elements: 27000

To run other sizes, use -s <integer>.
To run a fixed number of iterations, use -i <integer>.
To run a more or less balanced region set, use -b <integer>.
To change the relative costs of regions, use -c <integer>.
To print out progress, use -p
To write an output file for VisIt, use -v
See help (-h) for more options

Run completed:  
   Problem size        =  30 
   MPI tasks           =  1 
   Iteration count     =  932 
   Final Origin Energy = 2.025075e+05 
   Testing Plane 0 of Energy Array on rank 0:
        MaxAbsDiff   = 4.001777e-11
        TotalAbsDiff = 6.748414e-10
        MaxRelDiff   = 1.502434e-12


Elapsed time         =      37.32 (s)
Grind time (us/z/c)  =  1.4832382 (per dom)  ( 1.4832382 overall)
FOM                  =  674.20054 (z/s)

Running problem size 30^3 per domain until completion
Num processors: 1
Total number of elements: 27000

To run other sizes, use -s <integer>.
To run a fixed number of iterations, use -i <integer>.
To run a more or less balanced region set, use -b <integer>.
To change the relative costs of regions, use -c <integer>.
To print out progress, use -p
To write an output file for VisIt, use -v
See help (-h) for more options

Run completed:  
   Problem size        =  30 
   MPI tasks           =  1 
   Iteration count     =  932 
   Final Origin Energy = 2.025075e+05 
   Testing Plane 0 of Energy Array on rank 0:
        MaxAbsDiff   = 4.001777e-11
        TotalAbsDiff = 6.748414e-10
        MaxRelDiff   = 1.502434e-12


Elapsed time         =      33.84 (s)
Grind time (us/z/c)  =  1.3448023 (per dom)  ( 1.3448023 overall)
FOM                  =  743.60373 (z/s)

Running problem size 30^3 per domain until completion
Num processors: 1
Total number of elements: 27000

To run other sizes, use -s <integer>.
To run a fixed number of iterations, use -i <integer>.
To run a more or less balanced region set, use -b <integer>.
To change the relative costs of regions, use -c <integer>.
To print out progress, use -p
To write an output file for VisIt, use -v
See help (-h) for more options

Run completed:  
   Problem size        =  30 
   MPI tasks           =  1 
   Iteration count     =  932 
   Final Origin Energy = 2.025075e+05 
   Testing Plane 0 of Energy Array on rank 0:
        MaxAbsDiff   = 4.001777e-11
        TotalAbsDiff = 6.748414e-10
        MaxRelDiff   = 1.502434e-12


Elapsed time         =      34.00 (s)
Grind time (us/z/c)  =  1.3512457 (per dom)  ( 1.3512457 overall)
FOM                  =  740.05783 (z/s)

Running problem size 30^3 per domain until completion
Num processors: 1
Total number of elements: 27000

To run other sizes, use -s <integer>.
To run a fixed number of iterations, use -i <integer>.
To run a more or less balanced region set, use -b <integer>.
To change the relative costs of regions, use -c <integer>.
To print out progress, use -p
To write an output file for VisIt, use -v
See help (-h) for more options

Run completed:  
   Problem size        =  30 
   MPI tasks           =  1 
   Iteration count     =  932 
   Final Origin Energy = 2.025075e+05 
   Testing Plane 0 of Energy Array on rank 0:
        MaxAbsDiff   = 4.001777e-11
        TotalAbsDiff = 6.748414e-10
        MaxRelDiff   = 1.502434e-12


Elapsed time         =      37.20 (s)
Grind time (us/z/c)  =  1.4782407 (per dom)  ( 1.4782407 overall)
FOM                  =  676.47984 (z/s)

Running problem size 30^3 per domain until completion
Num processors: 1
Total number of elements: 27000

To run other sizes, use -s <integer>.
To run a fixed number of iterations, use -i <integer>.
To run a more or less balanced region set, use -b <integer>.
To change the relative costs of regions, use -c <integer>.
To print out progress, use -p
To write an output file for VisIt, use -v
See help (-h) for more options

Run completed:  
   Problem size        =  30 
   MPI tasks           =  1 
   Iteration count     =  932 
   Final Origin Energy = 2.025075e+05 
   Testing Plane 0 of Energy Array on rank 0:
        MaxAbsDiff   = 4.001777e-11
        TotalAbsDiff = 6.748414e-10
        MaxRelDiff   = 1.502434e-12


Elapsed time         =      33.81 (s)
Grind time (us/z/c)  =  1.3434835 (per dom)  ( 1.3434835 overall)
FOM                  =  744.33364 (z/s)

Running problem size 30^3 per domain until completion
Num processors: 1
Total number of elements: 27000

To run other sizes, use -s <integer>.
To run a fixed number of iterations, use -i <integer>.
To run a more or less balanced region set, use -b <integer>.
To change the relative costs of regions, use -c <integer>.
To print out progress, use -p
To write an output file for VisIt, use -v
See help (-h) for more options

Run completed:  
   Problem size        =  30 
   MPI tasks           =  1 
   Iteration count     =  932 
   Final Origin Energy = 2.025075e+05 
   Testing Plane 0 of Energy Array on rank 0:
        MaxAbsDiff   = 4.001777e-11
        TotalAbsDiff = 6.748414e-10
        MaxRelDiff   = 1.502434e-12


Elapsed time         =      37.50 (s)
Grind time (us/z/c)  =  1.4900311 (per dom)  ( 1.4900311 overall)
FOM                  =  671.12694 (z/s)

Running problem size 30^3 per domain until completion
Num processors: 1
Total number of elements: 27000

To run other sizes, use -s <integer>.
To run a fixed number of iterations, use -i <integer>.
To run a more or less balanced region set, use -b <integer>.
To change the relative costs of regions, use -c <integer>.
To print out progress, use -p
To write an output file for VisIt, use -v
See help (-h) for more options

Run completed:  
   Problem size        =  30 
   MPI tasks           =  1 
   Iteration count     =  932 
   Final Origin Energy = 2.025075e+05 
   Testing Plane 0 of Energy Array on rank 0:
        MaxAbsDiff   = 4.001777e-11
        TotalAbsDiff = 6.748414e-10
        MaxRelDiff   = 1.502434e-12


Elapsed time         =      37.81 (s)
Grind time (us/z/c)  =  1.5024131 (per dom)  ( 1.5024131 overall)
FOM                  =  665.59592 (z/s)

Running problem size 30^3 per domain until completion
Num processors: 1
Total number of elements: 27000

To run other sizes, use -s <integer>.
To run a fixed number of iterations, use -i <integer>.
To run a more or less balanced region set, use -b <integer>.
To change the relative costs of regions, use -c <integer>.
To print out progress, use -p
To write an output file for VisIt, use -v
See help (-h) for more options

Run completed:  
   Problem size        =  30 
   MPI tasks           =  1 
   Iteration count     =  932 
   Final Origin Energy = 2.025075e+05 
   Testing Plane 0 of Energy Array on rank 0:
        MaxAbsDiff   = 4.911271e-11
        TotalAbsDiff = 7.952690e-10
        MaxRelDiff   = 1.311667e-12


Elapsed time         =      29.71 (s)
Grind time (us/z/c)  =  1.1805942 (per dom)  ( 1.1805942 overall)
FOM                  =  847.03111 (z/s)

Running problem size 30^3 per domain until completion
Num processors: 1
Total number of elements: 27000

To run other sizes, use -s <integer>.
To run a fixed number of iterations, use -i <integer>.
To run a more or less balanced region set, use -b <integer>.
To change the relative costs of regions, use -c <integer>.
To print out progress, use -p
To write an output file for VisIt, use -v
See help (-h) for more options

Run completed:  
   Problem size        =  30 
   MPI tasks           =  1 
   Iteration count     =  932 
   Final Origin Energy = 2.025075e+05 
   Testing Plane 0 of Energy Array on rank 0:
        MaxAbsDiff   = 4.911271e-11
        TotalAbsDiff = 7.952690e-10
        MaxRelDiff   = 1.311667e-12


Elapsed time         =      29.73 (s)
Grind time (us/z/c)  =  1.1815556 (per dom)  ( 1.1815556 overall)
FOM                  =  846.34187 (z/s)

Running problem size 30^3 per domain until completion
Num processors: 1
Total number of elements: 27000

To run other sizes, use -s <integer>.
To run a fixed number of iterations, use -i <integer>.
To run a more or less balanced region set, use -b <integer>.
To change the relative costs of regions, use -c <integer>.
To print out progress, use -p
To write an output file for VisIt, use -v
See help (-h) for more options

Run completed:  
   Problem size        =  30 
   MPI tasks           =  1 
   Iteration count     =  932 
   Final Origin Energy = 2.025075e+05 
   Testing Plane 0 of Energy Array on rank 0:
        MaxAbsDiff   = 4.911271e-11
        TotalAbsDiff = 7.952690e-10
        MaxRelDiff   = 1.311667e-12


Elapsed time         =      29.66 (s)
Grind time (us/z/c)  =  1.1787498 (per dom)  ( 1.1787498 overall)
FOM                  =  848.35645 (z/s)

