
DISK GROUP QUOTAS for home and project file systems:
Filesystem                                 Quota     Used Space     Free Space
/home/hpc/h039y           ($HOME)        102.4GB   10.1GB (10%)   92.3GB (90%)
/gpfs/work/h039y          ($WORK)        1000.0GB   24.0MB ( 0%)  1000.0GB (100%)
-------------------------------------------------------------------------------

Executing LRZ User Prolog ...
Currently Loaded Modulefiles:
 1) admin/1.0      4) intel/16.0   7) userlog/1.0  10) mpi.intel/5.1  
 2) tempdir/1.0    5) mkl/11.3     8) lrz/default  
 3) lrztools/1.0   6) poe/1.4      9) gcc/5        
Running problem size 30^3 per domain until completion
Num processors: 1
Total number of elements: 27000

To run other sizes, use -s <integer>.
To run a fixed number of iterations, use -i <integer>.
To run a more or less balanced region set, use -b <integer>.
To change the relative costs of regions, use -c <integer>.
To print out progress, use -p
To write an output file for VisIt, use -v
See help (-h) for more options

Run completed:  
   Problem size        =  30 
   MPI tasks           =  1 
   Iteration count     =  932 
   Final Origin Energy = 2.025075e+05 
   Testing Plane 0 of Energy Array on rank 0:
        MaxAbsDiff   = 4.001777e-11
        TotalAbsDiff = 6.748414e-10
        MaxRelDiff   = 1.502434e-12


Elapsed time         =      36.25 (s)
Grind time (us/z/c)  =  1.4407428 (per dom)  ( 1.4407428 overall)
FOM                  =  694.08639 (z/s)

Running problem size 30^3 per domain until completion
Num processors: 1
Total number of elements: 27000

To run other sizes, use -s <integer>.
To run a fixed number of iterations, use -i <integer>.
To run a more or less balanced region set, use -b <integer>.
To change the relative costs of regions, use -c <integer>.
To print out progress, use -p
To write an output file for VisIt, use -v
See help (-h) for more options

Run completed:  
   Problem size        =  30 
   MPI tasks           =  1 
   Iteration count     =  932 
   Final Origin Energy = 2.025075e+05 
   Testing Plane 0 of Energy Array on rank 0:
        MaxAbsDiff   = 4.001777e-11
        TotalAbsDiff = 6.748414e-10
        MaxRelDiff   = 1.502434e-12


Elapsed time         =      41.49 (s)
Grind time (us/z/c)  =  1.6485869 (per dom)  ( 1.6485869 overall)
FOM                  =  606.58009 (z/s)

Running problem size 30^3 per domain until completion
Num processors: 1
Total number of elements: 27000

To run other sizes, use -s <integer>.
To run a fixed number of iterations, use -i <integer>.
To run a more or less balanced region set, use -b <integer>.
To change the relative costs of regions, use -c <integer>.
To print out progress, use -p
To write an output file for VisIt, use -v
See help (-h) for more options

Run completed:  
   Problem size        =  30 
   MPI tasks           =  1 
   Iteration count     =  932 
   Final Origin Energy = 2.025075e+05 
   Testing Plane 0 of Energy Array on rank 0:
        MaxAbsDiff   = 4.001777e-11
        TotalAbsDiff = 6.748414e-10
        MaxRelDiff   = 1.502434e-12


Elapsed time         =      36.98 (s)
Grind time (us/z/c)  =   1.469688 (per dom)  (  1.469688 overall)
FOM                  =   680.4165 (z/s)

Running problem size 30^3 per domain until completion
Num processors: 1
Total number of elements: 27000

To run other sizes, use -s <integer>.
To run a fixed number of iterations, use -i <integer>.
To run a more or less balanced region set, use -b <integer>.
To change the relative costs of regions, use -c <integer>.
To print out progress, use -p
To write an output file for VisIt, use -v
See help (-h) for more options

Run completed:  
   Problem size        =  30 
   MPI tasks           =  1 
   Iteration count     =  932 
   Final Origin Energy = 2.025075e+05 
   Testing Plane 0 of Energy Array on rank 0:
        MaxAbsDiff   = 4.001777e-11
        TotalAbsDiff = 6.748414e-10
        MaxRelDiff   = 1.502434e-12


Elapsed time         =      36.97 (s)
Grind time (us/z/c)  =  1.4692581 (per dom)  ( 1.4692581 overall)
FOM                  =  680.61561 (z/s)

Running problem size 30^3 per domain until completion
Num processors: 1
Total number of elements: 27000

To run other sizes, use -s <integer>.
To run a fixed number of iterations, use -i <integer>.
To run a more or less balanced region set, use -b <integer>.
To change the relative costs of regions, use -c <integer>.
To print out progress, use -p
To write an output file for VisIt, use -v
See help (-h) for more options

Run completed:  
   Problem size        =  30 
   MPI tasks           =  1 
   Iteration count     =  932 
   Final Origin Energy = 2.025075e+05 
   Testing Plane 0 of Energy Array on rank 0:
        MaxAbsDiff   = 4.001777e-11
        TotalAbsDiff = 6.748414e-10
        MaxRelDiff   = 1.502434e-12


Elapsed time         =      36.42 (s)
Grind time (us/z/c)  =  1.4472766 (per dom)  ( 1.4472766 overall)
FOM                  =  690.95293 (z/s)

Running problem size 30^3 per domain until completion
Num processors: 1
Total number of elements: 27000

To run other sizes, use -s <integer>.
To run a fixed number of iterations, use -i <integer>.
To run a more or less balanced region set, use -b <integer>.
To change the relative costs of regions, use -c <integer>.
To print out progress, use -p
To write an output file for VisIt, use -v
See help (-h) for more options

Run completed:  
   Problem size        =  30 
   MPI tasks           =  1 
   Iteration count     =  932 
   Final Origin Energy = 2.025075e+05 
   Testing Plane 0 of Energy Array on rank 0:
        MaxAbsDiff   = 4.001777e-11
        TotalAbsDiff = 6.748414e-10
        MaxRelDiff   = 1.502434e-12


Elapsed time         =      41.54 (s)
Grind time (us/z/c)  =  1.6506828 (per dom)  ( 1.6506828 overall)
FOM                  =  605.80991 (z/s)

Running problem size 30^3 per domain until completion
Num processors: 1
Total number of elements: 27000

To run other sizes, use -s <integer>.
To run a fixed number of iterations, use -i <integer>.
To run a more or less balanced region set, use -b <integer>.
To change the relative costs of regions, use -c <integer>.
To print out progress, use -p
To write an output file for VisIt, use -v
See help (-h) for more options

Run completed:  
   Problem size        =  30 
   MPI tasks           =  1 
   Iteration count     =  932 
   Final Origin Energy = 2.025075e+05 
   Testing Plane 0 of Energy Array on rank 0:
        MaxAbsDiff   = 4.001777e-11
        TotalAbsDiff = 6.748414e-10
        MaxRelDiff   = 1.502434e-12


Elapsed time         =      37.13 (s)
Grind time (us/z/c)  =  1.4753795 (per dom)  ( 1.4753795 overall)
FOM                  =  677.79173 (z/s)

Running problem size 30^3 per domain until completion
Num processors: 1
Total number of elements: 27000

To run other sizes, use -s <integer>.
To run a fixed number of iterations, use -i <integer>.
To run a more or less balanced region set, use -b <integer>.
To change the relative costs of regions, use -c <integer>.
To print out progress, use -p
To write an output file for VisIt, use -v
See help (-h) for more options

Run completed:  
   Problem size        =  30 
   MPI tasks           =  1 
   Iteration count     =  932 
   Final Origin Energy = 2.025075e+05 
   Testing Plane 0 of Energy Array on rank 0:
        MaxAbsDiff   = 4.001777e-11
        TotalAbsDiff = 6.748414e-10
        MaxRelDiff   = 1.502434e-12


Elapsed time         =      36.30 (s)
Grind time (us/z/c)  =  1.4427116 (per dom)  ( 1.4427116 overall)
FOM                  =  693.13924 (z/s)

Running problem size 30^3 per domain until completion
Num processors: 1
Total number of elements: 27000

To run other sizes, use -s <integer>.
To run a fixed number of iterations, use -i <integer>.
To run a more or less balanced region set, use -b <integer>.
To change the relative costs of regions, use -c <integer>.
To print out progress, use -p
To write an output file for VisIt, use -v
See help (-h) for more options

Run completed:  
   Problem size        =  30 
   MPI tasks           =  1 
   Iteration count     =  932 
   Final Origin Energy = 2.025075e+05 
   Testing Plane 0 of Energy Array on rank 0:
        MaxAbsDiff   = 4.001777e-11
        TotalAbsDiff = 6.748414e-10
        MaxRelDiff   = 1.502434e-12


Elapsed time         =      41.54 (s)
Grind time (us/z/c)  =  1.6508336 (per dom)  ( 1.6508336 overall)
FOM                  =  605.75458 (z/s)

Running problem size 30^3 per domain until completion
Num processors: 1
Total number of elements: 27000

To run other sizes, use -s <integer>.
To run a fixed number of iterations, use -i <integer>.
To run a more or less balanced region set, use -b <integer>.
To change the relative costs of regions, use -c <integer>.
To print out progress, use -p
To write an output file for VisIt, use -v
See help (-h) for more options

Run completed:  
   Problem size        =  30 
   MPI tasks           =  1 
   Iteration count     =  932 
   Final Origin Energy = 2.025075e+05 
   Testing Plane 0 of Energy Array on rank 0:
        MaxAbsDiff   = 4.001777e-11
        TotalAbsDiff = 6.748414e-10
        MaxRelDiff   = 1.502434e-12


Elapsed time         =      36.18 (s)
Grind time (us/z/c)  =  1.4378226 (per dom)  ( 1.4378226 overall)
FOM                  =  695.49607 (z/s)

Running problem size 30^3 per domain until completion
Num processors: 1
Total number of elements: 27000

To run other sizes, use -s <integer>.
To run a fixed number of iterations, use -i <integer>.
To run a more or less balanced region set, use -b <integer>.
To change the relative costs of regions, use -c <integer>.
To print out progress, use -p
To write an output file for VisIt, use -v
See help (-h) for more options

Run completed:  
   Problem size        =  30 
   MPI tasks           =  1 
   Iteration count     =  932 
   Final Origin Energy = 2.025075e+05 
   Testing Plane 0 of Energy Array on rank 0:
        MaxAbsDiff   = 4.001777e-11
        TotalAbsDiff = 6.748414e-10
        MaxRelDiff   = 1.502434e-12


Elapsed time         =      41.48 (s)
Grind time (us/z/c)  =  1.6482285 (per dom)  ( 1.6482285 overall)
FOM                  =  606.71199 (z/s)

Running problem size 30^3 per domain until completion
Num processors: 1
Total number of elements: 27000

To run other sizes, use -s <integer>.
To run a fixed number of iterations, use -i <integer>.
To run a more or less balanced region set, use -b <integer>.
To change the relative costs of regions, use -c <integer>.
To print out progress, use -p
To write an output file for VisIt, use -v
See help (-h) for more options

Run completed:  
   Problem size        =  30 
   MPI tasks           =  1 
   Iteration count     =  932 
   Final Origin Energy = 2.025075e+05 
   Testing Plane 0 of Energy Array on rank 0:
        MaxAbsDiff   = 4.001777e-11
        TotalAbsDiff = 6.748414e-10
        MaxRelDiff   = 1.502434e-12


Elapsed time         =      40.82 (s)
Grind time (us/z/c)  =  1.6220183 (per dom)  ( 1.6220183 overall)
FOM                  =  616.51586 (z/s)

Running problem size 30^3 per domain until completion
Num processors: 1
Total number of elements: 27000

To run other sizes, use -s <integer>.
To run a fixed number of iterations, use -i <integer>.
To run a more or less balanced region set, use -b <integer>.
To change the relative costs of regions, use -c <integer>.
To print out progress, use -p
To write an output file for VisIt, use -v
See help (-h) for more options

Run completed:  
   Problem size        =  30 
   MPI tasks           =  1 
   Iteration count     =  932 
   Final Origin Energy = 2.025075e+05 
   Testing Plane 0 of Energy Array on rank 0:
        MaxAbsDiff   = 4.001777e-11
        TotalAbsDiff = 6.748414e-10
        MaxRelDiff   = 1.502434e-12


Elapsed time         =      39.46 (s)
Grind time (us/z/c)  =  1.5682695 (per dom)  ( 1.5682695 overall)
FOM                  =   637.6455 (z/s)

Running problem size 30^3 per domain until completion
Num processors: 1
Total number of elements: 27000

To run other sizes, use -s <integer>.
To run a fixed number of iterations, use -i <integer>.
To run a more or less balanced region set, use -b <integer>.
To change the relative costs of regions, use -c <integer>.
To print out progress, use -p
To write an output file for VisIt, use -v
See help (-h) for more options

Run completed:  
   Problem size        =  30 
   MPI tasks           =  1 
   Iteration count     =  932 
   Final Origin Energy = 2.025075e+05 
   Testing Plane 0 of Energy Array on rank 0:
        MaxAbsDiff   = 4.001777e-11
        TotalAbsDiff = 6.748414e-10
        MaxRelDiff   = 1.502434e-12


Elapsed time         =      39.66 (s)
Grind time (us/z/c)  =  1.5761812 (per dom)  ( 1.5761812 overall)
FOM                  =  634.44483 (z/s)

Running problem size 30^3 per domain until completion
Num processors: 1
Total number of elements: 27000

To run other sizes, use -s <integer>.
To run a fixed number of iterations, use -i <integer>.
To run a more or less balanced region set, use -b <integer>.
To change the relative costs of regions, use -c <integer>.
To print out progress, use -p
To write an output file for VisIt, use -v
See help (-h) for more options

Run completed:  
   Problem size        =  30 
   MPI tasks           =  1 
   Iteration count     =  932 
   Final Origin Energy = 2.025075e+05 
   Testing Plane 0 of Energy Array on rank 0:
        MaxAbsDiff   = 4.001777e-11
        TotalAbsDiff = 6.748414e-10
        MaxRelDiff   = 1.502434e-12


Elapsed time         =      39.33 (s)
Grind time (us/z/c)  =  1.5628851 (per dom)  ( 1.5628851 overall)
FOM                  =   639.8423 (z/s)

Running problem size 30^3 per domain until completion
Num processors: 1
Total number of elements: 27000

To run other sizes, use -s <integer>.
To run a fixed number of iterations, use -i <integer>.
To run a more or less balanced region set, use -b <integer>.
To change the relative costs of regions, use -c <integer>.
To print out progress, use -p
To write an output file for VisIt, use -v
See help (-h) for more options

Run completed:  
   Problem size        =  30 
   MPI tasks           =  1 
   Iteration count     =  932 
   Final Origin Energy = 2.025075e+05 
   Testing Plane 0 of Energy Array on rank 0:
        MaxAbsDiff   = 4.001777e-11
        TotalAbsDiff = 6.748414e-10
        MaxRelDiff   = 1.502434e-12


Elapsed time         =      44.06 (s)
Grind time (us/z/c)  =  1.7509417 (per dom)  ( 1.7509417 overall)
FOM                  =  571.12126 (z/s)

Running problem size 30^3 per domain until completion
Num processors: 1
Total number of elements: 27000

To run other sizes, use -s <integer>.
To run a fixed number of iterations, use -i <integer>.
To run a more or less balanced region set, use -b <integer>.
To change the relative costs of regions, use -c <integer>.
To print out progress, use -p
To write an output file for VisIt, use -v
See help (-h) for more options

Run completed:  
   Problem size        =  30 
   MPI tasks           =  1 
   Iteration count     =  932 
   Final Origin Energy = 2.025075e+05 
   Testing Plane 0 of Energy Array on rank 0:
        MaxAbsDiff   = 4.001777e-11
        TotalAbsDiff = 6.748414e-10
        MaxRelDiff   = 1.502434e-12


Elapsed time         =      39.49 (s)
Grind time (us/z/c)  =  1.5694792 (per dom)  ( 1.5694792 overall)
FOM                  =  637.15403 (z/s)

Running problem size 30^3 per domain until completion
Num processors: 1
Total number of elements: 27000

To run other sizes, use -s <integer>.
To run a fixed number of iterations, use -i <integer>.
To run a more or less balanced region set, use -b <integer>.
To change the relative costs of regions, use -c <integer>.
To print out progress, use -p
To write an output file for VisIt, use -v
See help (-h) for more options

Run completed:  
   Problem size        =  30 
   MPI tasks           =  1 
   Iteration count     =  932 
   Final Origin Energy = 2.025075e+05 
   Testing Plane 0 of Energy Array on rank 0:
        MaxAbsDiff   = 4.001777e-11
        TotalAbsDiff = 6.748414e-10
        MaxRelDiff   = 1.502434e-12


Elapsed time         =      39.62 (s)
Grind time (us/z/c)  =  1.5746172 (per dom)  ( 1.5746172 overall)
FOM                  =  635.07498 (z/s)

Running problem size 30^3 per domain until completion
Num processors: 1
Total number of elements: 27000

To run other sizes, use -s <integer>.
To run a fixed number of iterations, use -i <integer>.
To run a more or less balanced region set, use -b <integer>.
To change the relative costs of regions, use -c <integer>.
To print out progress, use -p
To write an output file for VisIt, use -v
See help (-h) for more options

Run completed:  
   Problem size        =  30 
   MPI tasks           =  1 
   Iteration count     =  932 
   Final Origin Energy = 2.025075e+05 
   Testing Plane 0 of Energy Array on rank 0:
        MaxAbsDiff   = 4.001777e-11
        TotalAbsDiff = 6.748414e-10
        MaxRelDiff   = 1.502434e-12


Elapsed time         =      43.79 (s)
Grind time (us/z/c)  =  1.7402058 (per dom)  ( 1.7402058 overall)
FOM                  =  574.64469 (z/s)

Running problem size 30^3 per domain until completion
Num processors: 1
Total number of elements: 27000

To run other sizes, use -s <integer>.
To run a fixed number of iterations, use -i <integer>.
To run a more or less balanced region set, use -b <integer>.
To change the relative costs of regions, use -c <integer>.
To print out progress, use -p
To write an output file for VisIt, use -v
See help (-h) for more options

Run completed:  
   Problem size        =  30 
   MPI tasks           =  1 
   Iteration count     =  932 
   Final Origin Energy = 2.025075e+05 
   Testing Plane 0 of Energy Array on rank 0:
        MaxAbsDiff   = 4.001777e-11
        TotalAbsDiff = 6.748414e-10
        MaxRelDiff   = 1.502434e-12


Elapsed time         =      39.39 (s)
Grind time (us/z/c)  =  1.5653148 (per dom)  ( 1.5653148 overall)
FOM                  =  638.84914 (z/s)

Running problem size 30^3 per domain until completion
Num processors: 1
Total number of elements: 27000

To run other sizes, use -s <integer>.
To run a fixed number of iterations, use -i <integer>.
To run a more or less balanced region set, use -b <integer>.
To change the relative costs of regions, use -c <integer>.
To print out progress, use -p
To write an output file for VisIt, use -v
See help (-h) for more options

Run completed:  
   Problem size        =  30 
   MPI tasks           =  1 
   Iteration count     =  932 
   Final Origin Energy = 2.025075e+05 
   Testing Plane 0 of Energy Array on rank 0:
        MaxAbsDiff   = 4.001777e-11
        TotalAbsDiff = 6.748414e-10
        MaxRelDiff   = 1.502434e-12


Elapsed time         =      43.74 (s)
Grind time (us/z/c)  =  1.7382886 (per dom)  ( 1.7382886 overall)
FOM                  =  575.27847 (z/s)

Running problem size 30^3 per domain until completion
Num processors: 1
Total number of elements: 27000

To run other sizes, use -s <integer>.
To run a fixed number of iterations, use -i <integer>.
To run a more or less balanced region set, use -b <integer>.
To change the relative costs of regions, use -c <integer>.
To print out progress, use -p
To write an output file for VisIt, use -v
See help (-h) for more options

Run completed:  
   Problem size        =  30 
   MPI tasks           =  1 
   Iteration count     =  932 
   Final Origin Energy = 2.025075e+05 
   Testing Plane 0 of Energy Array on rank 0:
        MaxAbsDiff   = 4.001777e-11
        TotalAbsDiff = 6.748414e-10
        MaxRelDiff   = 1.502434e-12


Elapsed time         =      43.71 (s)
Grind time (us/z/c)  =  1.7370685 (per dom)  ( 1.7370685 overall)
FOM                  =  575.68253 (z/s)

Running problem size 30^3 per domain until completion
Num processors: 1
Total number of elements: 27000

To run other sizes, use -s <integer>.
To run a fixed number of iterations, use -i <integer>.
To run a more or less balanced region set, use -b <integer>.
To change the relative costs of regions, use -c <integer>.
To print out progress, use -p
To write an output file for VisIt, use -v
See help (-h) for more options

Run completed:  
   Problem size        =  30 
   MPI tasks           =  1 
   Iteration count     =  932 
   Final Origin Energy = 2.025075e+05 
   Testing Plane 0 of Energy Array on rank 0:
        MaxAbsDiff   = 4.001777e-11
        TotalAbsDiff = 6.748414e-10
        MaxRelDiff   = 1.502434e-12


Elapsed time         =      39.56 (s)
Grind time (us/z/c)  =   1.572141 (per dom)  (  1.572141 overall)
FOM                  =  636.07526 (z/s)

Running problem size 30^3 per domain until completion
Num processors: 1
Total number of elements: 27000

To run other sizes, use -s <integer>.
To run a fixed number of iterations, use -i <integer>.
To run a more or less balanced region set, use -b <integer>.
To change the relative costs of regions, use -c <integer>.
To print out progress, use -p
To write an output file for VisIt, use -v
See help (-h) for more options

Run completed:  
   Problem size        =  30 
   MPI tasks           =  1 
   Iteration count     =  932 
   Final Origin Energy = 2.025075e+05 
   Testing Plane 0 of Energy Array on rank 0:
        MaxAbsDiff   = 4.001777e-11
        TotalAbsDiff = 6.748414e-10
        MaxRelDiff   = 1.502434e-12


Elapsed time         =      39.45 (s)
Grind time (us/z/c)  =  1.5678135 (per dom)  ( 1.5678135 overall)
FOM                  =  637.83098 (z/s)

Running problem size 30^3 per domain until completion
Num processors: 1
Total number of elements: 27000

To run other sizes, use -s <integer>.
To run a fixed number of iterations, use -i <integer>.
To run a more or less balanced region set, use -b <integer>.
To change the relative costs of regions, use -c <integer>.
To print out progress, use -p
To write an output file for VisIt, use -v
See help (-h) for more options

Run completed:  
   Problem size        =  30 
   MPI tasks           =  1 
   Iteration count     =  932 
   Final Origin Energy = 2.025075e+05 
   Testing Plane 0 of Energy Array on rank 0:
        MaxAbsDiff   = 4.001777e-11
        TotalAbsDiff = 6.748414e-10
        MaxRelDiff   = 1.502434e-12


Elapsed time         =      43.59 (s)
Grind time (us/z/c)  =  1.7321323 (per dom)  ( 1.7321323 overall)
FOM                  =  577.32312 (z/s)

Running problem size 30^3 per domain until completion
Num processors: 1
Total number of elements: 27000

To run other sizes, use -s <integer>.
To run a fixed number of iterations, use -i <integer>.
To run a more or less balanced region set, use -b <integer>.
To change the relative costs of regions, use -c <integer>.
To print out progress, use -p
To write an output file for VisIt, use -v
See help (-h) for more options

Run completed:  
   Problem size        =  30 
   MPI tasks           =  1 
   Iteration count     =  932 
   Final Origin Energy = 2.025075e+05 
   Testing Plane 0 of Energy Array on rank 0:
        MaxAbsDiff   = 4.001777e-11
        TotalAbsDiff = 6.748414e-10
        MaxRelDiff   = 1.502434e-12


Elapsed time         =      39.46 (s)
Grind time (us/z/c)  =  1.5681041 (per dom)  ( 1.5681041 overall)
FOM                  =  637.71276 (z/s)

Running problem size 30^3 per domain until completion
Num processors: 1
Total number of elements: 27000

To run other sizes, use -s <integer>.
To run a fixed number of iterations, use -i <integer>.
To run a more or less balanced region set, use -b <integer>.
To change the relative costs of regions, use -c <integer>.
To print out progress, use -p
To write an output file for VisIt, use -v
See help (-h) for more options

Run completed:  
   Problem size        =  30 
   MPI tasks           =  1 
   Iteration count     =  932 
   Final Origin Energy = 2.025075e+05 
   Testing Plane 0 of Energy Array on rank 0:
        MaxAbsDiff   = 4.001777e-11
        TotalAbsDiff = 6.748414e-10
        MaxRelDiff   = 1.502434e-12


Elapsed time         =      43.54 (s)
Grind time (us/z/c)  =  1.7300749 (per dom)  ( 1.7300749 overall)
FOM                  =  578.00967 (z/s)

Running problem size 30^3 per domain until completion
Num processors: 1
Total number of elements: 27000

To run other sizes, use -s <integer>.
To run a fixed number of iterations, use -i <integer>.
To run a more or less balanced region set, use -b <integer>.
To change the relative costs of regions, use -c <integer>.
To print out progress, use -p
To write an output file for VisIt, use -v
See help (-h) for more options

Run completed:  
   Problem size        =  30 
   MPI tasks           =  1 
   Iteration count     =  932 
   Final Origin Energy = 2.025075e+05 
   Testing Plane 0 of Energy Array on rank 0:
        MaxAbsDiff   = 4.001777e-11
        TotalAbsDiff = 6.748414e-10
        MaxRelDiff   = 1.502434e-12


Elapsed time         =      43.55 (s)
Grind time (us/z/c)  =  1.7308419 (per dom)  ( 1.7308419 overall)
FOM                  =  577.75353 (z/s)

Running problem size 30^3 per domain until completion
Num processors: 1
Total number of elements: 27000

To run other sizes, use -s <integer>.
To run a fixed number of iterations, use -i <integer>.
To run a more or less balanced region set, use -b <integer>.
To change the relative costs of regions, use -c <integer>.
To print out progress, use -p
To write an output file for VisIt, use -v
See help (-h) for more options

Run completed:  
   Problem size        =  30 
   MPI tasks           =  1 
   Iteration count     =  932 
   Final Origin Energy = 2.025075e+05 
   Testing Plane 0 of Energy Array on rank 0:
        MaxAbsDiff   = 4.001777e-11
        TotalAbsDiff = 6.748414e-10
        MaxRelDiff   = 1.502434e-12


Elapsed time         =      39.20 (s)
Grind time (us/z/c)  =   1.557895 (per dom)  (  1.557895 overall)
FOM                  =   641.8918 (z/s)

Running problem size 30^3 per domain until completion
Num processors: 1
Total number of elements: 27000

To run other sizes, use -s <integer>.
To run a fixed number of iterations, use -i <integer>.
To run a more or less balanced region set, use -b <integer>.
To change the relative costs of regions, use -c <integer>.
To print out progress, use -p
To write an output file for VisIt, use -v
See help (-h) for more options

Run completed:  
   Problem size        =  30 
   MPI tasks           =  1 
   Iteration count     =  932 
   Final Origin Energy = 2.025075e+05 
   Testing Plane 0 of Energy Array on rank 0:
        MaxAbsDiff   = 4.001777e-11
        TotalAbsDiff = 6.748414e-10
        MaxRelDiff   = 1.502434e-12


Elapsed time         =      43.80 (s)
Grind time (us/z/c)  =  1.7406812 (per dom)  ( 1.7406812 overall)
FOM                  =  574.48774 (z/s)

Running problem size 30^3 per domain until completion
Num processors: 1
Total number of elements: 27000

To run other sizes, use -s <integer>.
To run a fixed number of iterations, use -i <integer>.
To run a more or less balanced region set, use -b <integer>.
To change the relative costs of regions, use -c <integer>.
To print out progress, use -p
To write an output file for VisIt, use -v
See help (-h) for more options

Run completed:  
   Problem size        =  30 
   MPI tasks           =  1 
   Iteration count     =  932 
   Final Origin Energy = 2.025075e+05 
   Testing Plane 0 of Energy Array on rank 0:
        MaxAbsDiff   = 4.001777e-11
        TotalAbsDiff = 6.748414e-10
        MaxRelDiff   = 1.502434e-12


Elapsed time         =      43.60 (s)
Grind time (us/z/c)  =  1.7325988 (per dom)  ( 1.7325988 overall)
FOM                  =  577.16768 (z/s)

Running problem size 30^3 per domain until completion
Num processors: 1
Total number of elements: 27000

To run other sizes, use -s <integer>.
To run a fixed number of iterations, use -i <integer>.
To run a more or less balanced region set, use -b <integer>.
To change the relative costs of regions, use -c <integer>.
To print out progress, use -p
To write an output file for VisIt, use -v
See help (-h) for more options

Run completed:  
   Problem size        =  30 
   MPI tasks           =  1 
   Iteration count     =  932 
   Final Origin Energy = 2.025075e+05 
   Testing Plane 0 of Energy Array on rank 0:
        MaxAbsDiff   = 4.001777e-11
        TotalAbsDiff = 6.748414e-10
        MaxRelDiff   = 1.502434e-12


Elapsed time         =      43.60 (s)
Grind time (us/z/c)  =  1.7327327 (per dom)  ( 1.7327327 overall)
FOM                  =  577.12307 (z/s)

