
DISK GROUP QUOTAS for home and project file systems:
Filesystem                                 Quota     Used Space     Free Space
/home/hpc/h039y           ($HOME)        102.4GB   10.0GB (10%)   92.4GB (90%)
/gpfs/work/h039y          ($WORK)        1000.0GB   24.0MB ( 0%)  1000.0GB (100%)
-------------------------------------------------------------------------------

Executing LRZ User Prolog ...
Currently Loaded Modulefiles:
 1) admin/1.0      4) intel/16.0   7) userlog/1.0    
 2) tempdir/1.0    5) mkl/11.3     8) lrz/default    
 3) lrztools/1.0   6) poe/1.4      9) mpi.intel/5.1  
Running problem size 30^3 per domain until completion
Num processors: 1
Total number of elements: 27000

To run other sizes, use -s <integer>.
To run a fixed number of iterations, use -i <integer>.
To run a more or less balanced region set, use -b <integer>.
To change the relative costs of regions, use -c <integer>.
To print out progress, use -p
To write an output file for VisIt, use -v
See help (-h) for more options

Run completed:  
   Problem size        =  30 
   MPI tasks           =  1 
   Iteration count     =  932 
   Final Origin Energy = 2.025075e+05 
   Testing Plane 0 of Energy Array on rank 0:
        MaxAbsDiff   = 4.911271e-11
        TotalAbsDiff = 7.952690e-10
        MaxRelDiff   = 1.311667e-12


Elapsed time         =      29.74 (s)
Grind time (us/z/c)  =  1.1819469 (per dom)  ( 1.1819469 overall)
FOM                  =  846.06166 (z/s)

Running problem size 30^3 per domain until completion
Num processors: 1
Total number of elements: 27000

To run other sizes, use -s <integer>.
To run a fixed number of iterations, use -i <integer>.
To run a more or less balanced region set, use -b <integer>.
To change the relative costs of regions, use -c <integer>.
To print out progress, use -p
To write an output file for VisIt, use -v
See help (-h) for more options

Run completed:  
   Problem size        =  30 
   MPI tasks           =  1 
   Iteration count     =  932 
   Final Origin Energy = 2.025075e+05 
   Testing Plane 0 of Energy Array on rank 0:
        MaxAbsDiff   = 4.911271e-11
        TotalAbsDiff = 7.952690e-10
        MaxRelDiff   = 1.311667e-12


Elapsed time         =      29.89 (s)
Grind time (us/z/c)  =  1.1877624 (per dom)  ( 1.1877624 overall)
FOM                  =   841.9192 (z/s)

Running problem size 30^3 per domain until completion
Num processors: 1
Total number of elements: 27000

To run other sizes, use -s <integer>.
To run a fixed number of iterations, use -i <integer>.
To run a more or less balanced region set, use -b <integer>.
To change the relative costs of regions, use -c <integer>.
To print out progress, use -p
To write an output file for VisIt, use -v
See help (-h) for more options

Run completed:  
   Problem size        =  30 
   MPI tasks           =  1 
   Iteration count     =  932 
   Final Origin Energy = 2.025075e+05 
   Testing Plane 0 of Energy Array on rank 0:
        MaxAbsDiff   = 4.911271e-11
        TotalAbsDiff = 7.952690e-10
        MaxRelDiff   = 1.311667e-12


Elapsed time         =      29.47 (s)
Grind time (us/z/c)  =   1.171085 (per dom)  (  1.171085 overall)
FOM                  =  853.90901 (z/s)

Running problem size 30^3 per domain until completion
Num processors: 1
Total number of elements: 27000

To run other sizes, use -s <integer>.
To run a fixed number of iterations, use -i <integer>.
To run a more or less balanced region set, use -b <integer>.
To change the relative costs of regions, use -c <integer>.
To print out progress, use -p
To write an output file for VisIt, use -v
See help (-h) for more options

Run completed:  
   Problem size        =  30 
   MPI tasks           =  1 
   Iteration count     =  932 
   Final Origin Energy = 2.025075e+05 
   Testing Plane 0 of Energy Array on rank 0:
        MaxAbsDiff   = 4.911271e-11
        TotalAbsDiff = 7.952690e-10
        MaxRelDiff   = 1.311667e-12


Elapsed time         =      33.84 (s)
Grind time (us/z/c)  =  1.3447192 (per dom)  ( 1.3447192 overall)
FOM                  =  743.64965 (z/s)

Running problem size 30^3 per domain until completion
Num processors: 1
Total number of elements: 27000

To run other sizes, use -s <integer>.
To run a fixed number of iterations, use -i <integer>.
To run a more or less balanced region set, use -b <integer>.
To change the relative costs of regions, use -c <integer>.
To print out progress, use -p
To write an output file for VisIt, use -v
See help (-h) for more options

Run completed:  
   Problem size        =  30 
   MPI tasks           =  1 
   Iteration count     =  932 
   Final Origin Energy = 2.025075e+05 
   Testing Plane 0 of Energy Array on rank 0:
        MaxAbsDiff   = 4.911271e-11
        TotalAbsDiff = 7.952690e-10
        MaxRelDiff   = 1.311667e-12


Elapsed time         =      29.67 (s)
Grind time (us/z/c)  =  1.1791725 (per dom)  ( 1.1791725 overall)
FOM                  =  848.05236 (z/s)

Running problem size 30^3 per domain until completion
Num processors: 1
Total number of elements: 27000

To run other sizes, use -s <integer>.
To run a fixed number of iterations, use -i <integer>.
To run a more or less balanced region set, use -b <integer>.
To change the relative costs of regions, use -c <integer>.
To print out progress, use -p
To write an output file for VisIt, use -v
See help (-h) for more options

Run completed:  
   Problem size        =  30 
   MPI tasks           =  1 
   Iteration count     =  932 
   Final Origin Energy = 2.025075e+05 
   Testing Plane 0 of Energy Array on rank 0:
        MaxAbsDiff   = 4.911271e-11
        TotalAbsDiff = 7.952690e-10
        MaxRelDiff   = 1.311667e-12


Elapsed time         =      29.37 (s)
Grind time (us/z/c)  =  1.1670786 (per dom)  ( 1.1670786 overall)
FOM                  =  856.84035 (z/s)

Running problem size 30^3 per domain until completion
Num processors: 1
Total number of elements: 27000

To run other sizes, use -s <integer>.
To run a fixed number of iterations, use -i <integer>.
To run a more or less balanced region set, use -b <integer>.
To change the relative costs of regions, use -c <integer>.
To print out progress, use -p
To write an output file for VisIt, use -v
See help (-h) for more options

Run completed:  
   Problem size        =  30 
   MPI tasks           =  1 
   Iteration count     =  932 
   Final Origin Energy = 2.025075e+05 
   Testing Plane 0 of Energy Array on rank 0:
        MaxAbsDiff   = 4.911271e-11
        TotalAbsDiff = 7.952690e-10
        MaxRelDiff   = 1.311667e-12


Elapsed time         =      34.01 (s)
Grind time (us/z/c)  =  1.3515733 (per dom)  ( 1.3515733 overall)
FOM                  =  739.87847 (z/s)

Running problem size 30^3 per domain until completion
Num processors: 1
Total number of elements: 27000

To run other sizes, use -s <integer>.
To run a fixed number of iterations, use -i <integer>.
To run a more or less balanced region set, use -b <integer>.
To change the relative costs of regions, use -c <integer>.
To print out progress, use -p
To write an output file for VisIt, use -v
See help (-h) for more options

Run completed:  
   Problem size        =  30 
   MPI tasks           =  1 
   Iteration count     =  932 
   Final Origin Energy = 2.025075e+05 
   Testing Plane 0 of Energy Array on rank 0:
        MaxAbsDiff   = 4.911271e-11
        TotalAbsDiff = 7.952690e-10
        MaxRelDiff   = 1.311667e-12


Elapsed time         =      29.52 (s)
Grind time (us/z/c)  =  1.1730307 (per dom)  ( 1.1730307 overall)
FOM                  =  852.49259 (z/s)

Running problem size 30^3 per domain until completion
Num processors: 1
Total number of elements: 27000

To run other sizes, use -s <integer>.
To run a fixed number of iterations, use -i <integer>.
To run a more or less balanced region set, use -b <integer>.
To change the relative costs of regions, use -c <integer>.
To print out progress, use -p
To write an output file for VisIt, use -v
See help (-h) for more options

Run completed:  
   Problem size        =  30 
   MPI tasks           =  1 
   Iteration count     =  932 
   Final Origin Energy = 2.025075e+05 
   Testing Plane 0 of Energy Array on rank 0:
        MaxAbsDiff   = 4.911271e-11
        TotalAbsDiff = 7.952690e-10
        MaxRelDiff   = 1.311667e-12


Elapsed time         =      33.79 (s)
Grind time (us/z/c)  =   1.342725 (per dom)  (  1.342725 overall)
FOM                  =  744.75411 (z/s)

Running problem size 30^3 per domain until completion
Num processors: 1
Total number of elements: 27000

To run other sizes, use -s <integer>.
To run a fixed number of iterations, use -i <integer>.
To run a more or less balanced region set, use -b <integer>.
To change the relative costs of regions, use -c <integer>.
To print out progress, use -p
To write an output file for VisIt, use -v
See help (-h) for more options

Run completed:  
   Problem size        =  30 
   MPI tasks           =  1 
   Iteration count     =  932 
   Final Origin Energy = 2.025075e+05 
   Testing Plane 0 of Energy Array on rank 0:
        MaxAbsDiff   = 4.911271e-11
        TotalAbsDiff = 7.952690e-10
        MaxRelDiff   = 1.311667e-12


Elapsed time         =      33.25 (s)
Grind time (us/z/c)  =  1.3212614 (per dom)  ( 1.3212614 overall)
FOM                  =   756.8525 (z/s)

Running problem size 30^3 per domain until completion
Num processors: 1
Total number of elements: 27000

To run other sizes, use -s <integer>.
To run a fixed number of iterations, use -i <integer>.
To run a more or less balanced region set, use -b <integer>.
To change the relative costs of regions, use -c <integer>.
To print out progress, use -p
To write an output file for VisIt, use -v
See help (-h) for more options

Run completed:  
   Problem size        =  30 
   MPI tasks           =  1 
   Iteration count     =  932 
   Final Origin Energy = 2.025075e+05 
   Testing Plane 0 of Energy Array on rank 0:
        MaxAbsDiff   = 4.911271e-11
        TotalAbsDiff = 7.952690e-10
        MaxRelDiff   = 1.311667e-12


Elapsed time         =      29.93 (s)
Grind time (us/z/c)  =  1.1894102 (per dom)  ( 1.1894102 overall)
FOM                  =  840.75284 (z/s)

Running problem size 30^3 per domain until completion
Num processors: 1
Total number of elements: 27000

To run other sizes, use -s <integer>.
To run a fixed number of iterations, use -i <integer>.
To run a more or less balanced region set, use -b <integer>.
To change the relative costs of regions, use -c <integer>.
To print out progress, use -p
To write an output file for VisIt, use -v
See help (-h) for more options

Run completed:  
   Problem size        =  30 
   MPI tasks           =  1 
   Iteration count     =  932 
   Final Origin Energy = 2.025075e+05 
   Testing Plane 0 of Energy Array on rank 0:
        MaxAbsDiff   = 4.911271e-11
        TotalAbsDiff = 7.952690e-10
        MaxRelDiff   = 1.311667e-12


Elapsed time         =      29.42 (s)
Grind time (us/z/c)  =  1.1692079 (per dom)  ( 1.1692079 overall)
FOM                  =   855.2799 (z/s)

Running problem size 30^3 per domain until completion
Num processors: 1
Total number of elements: 27000

To run other sizes, use -s <integer>.
To run a fixed number of iterations, use -i <integer>.
To run a more or less balanced region set, use -b <integer>.
To change the relative costs of regions, use -c <integer>.
To print out progress, use -p
To write an output file for VisIt, use -v
See help (-h) for more options

Run completed:  
   Problem size        =  30 
   MPI tasks           =  1 
   Iteration count     =  932 
   Final Origin Energy = 2.025075e+05 
   Testing Plane 0 of Energy Array on rank 0:
        MaxAbsDiff   = 4.911271e-11
        TotalAbsDiff = 7.952690e-10
        MaxRelDiff   = 1.311667e-12


Elapsed time         =      34.02 (s)
Grind time (us/z/c)  =  1.3518651 (per dom)  ( 1.3518651 overall)
FOM                  =  739.71879 (z/s)

Running problem size 30^3 per domain until completion
Num processors: 1
Total number of elements: 27000

To run other sizes, use -s <integer>.
To run a fixed number of iterations, use -i <integer>.
To run a more or less balanced region set, use -b <integer>.
To change the relative costs of regions, use -c <integer>.
To print out progress, use -p
To write an output file for VisIt, use -v
See help (-h) for more options

Run completed:  
   Problem size        =  30 
   MPI tasks           =  1 
   Iteration count     =  932 
   Final Origin Energy = 2.025075e+05 
   Testing Plane 0 of Energy Array on rank 0:
        MaxAbsDiff   = 4.911271e-11
        TotalAbsDiff = 7.952690e-10
        MaxRelDiff   = 1.311667e-12


Elapsed time         =      29.01 (s)
Grind time (us/z/c)  =  1.1526628 (per dom)  ( 1.1526628 overall)
FOM                  =   867.5564 (z/s)

Running problem size 30^3 per domain until completion
Num processors: 1
Total number of elements: 27000

To run other sizes, use -s <integer>.
To run a fixed number of iterations, use -i <integer>.
To run a more or less balanced region set, use -b <integer>.
To change the relative costs of regions, use -c <integer>.
To print out progress, use -p
To write an output file for VisIt, use -v
See help (-h) for more options

Run completed:  
   Problem size        =  30 
   MPI tasks           =  1 
   Iteration count     =  932 
   Final Origin Energy = 2.025075e+05 
   Testing Plane 0 of Energy Array on rank 0:
        MaxAbsDiff   = 4.911271e-11
        TotalAbsDiff = 7.952690e-10
        MaxRelDiff   = 1.311667e-12


Elapsed time         =      33.59 (s)
Grind time (us/z/c)  =  1.3347629 (per dom)  ( 1.3347629 overall)
FOM                  =  749.19672 (z/s)

Running problem size 30^3 per domain until completion
Num processors: 1
Total number of elements: 27000

To run other sizes, use -s <integer>.
To run a fixed number of iterations, use -i <integer>.
To run a more or less balanced region set, use -b <integer>.
To change the relative costs of regions, use -c <integer>.
To print out progress, use -p
To write an output file for VisIt, use -v
See help (-h) for more options

Run completed:  
   Problem size        =  30 
   MPI tasks           =  1 
   Iteration count     =  932 
   Final Origin Energy = 2.025075e+05 
   Testing Plane 0 of Energy Array on rank 0:
        MaxAbsDiff   = 4.911271e-11
        TotalAbsDiff = 7.952690e-10
        MaxRelDiff   = 1.311667e-12


Elapsed time         =      33.22 (s)
Grind time (us/z/c)  =  1.3203067 (per dom)  ( 1.3203067 overall)
FOM                  =  757.39977 (z/s)

Running problem size 30^3 per domain until completion
Num processors: 1
Total number of elements: 27000

To run other sizes, use -s <integer>.
To run a fixed number of iterations, use -i <integer>.
To run a more or less balanced region set, use -b <integer>.
To change the relative costs of regions, use -c <integer>.
To print out progress, use -p
To write an output file for VisIt, use -v
See help (-h) for more options

Run completed:  
   Problem size        =  30 
   MPI tasks           =  1 
   Iteration count     =  932 
   Final Origin Energy = 2.025075e+05 
   Testing Plane 0 of Energy Array on rank 0:
        MaxAbsDiff   = 4.911271e-11
        TotalAbsDiff = 7.952690e-10
        MaxRelDiff   = 1.311667e-12


Elapsed time         =      28.90 (s)
Grind time (us/z/c)  =  1.1484263 (per dom)  ( 1.1484263 overall)
FOM                  =   870.7568 (z/s)

Running problem size 30^3 per domain until completion
Num processors: 1
Total number of elements: 27000

To run other sizes, use -s <integer>.
To run a fixed number of iterations, use -i <integer>.
To run a more or less balanced region set, use -b <integer>.
To change the relative costs of regions, use -c <integer>.
To print out progress, use -p
To write an output file for VisIt, use -v
See help (-h) for more options

Run completed:  
   Problem size        =  30 
   MPI tasks           =  1 
   Iteration count     =  932 
   Final Origin Energy = 2.025075e+05 
   Testing Plane 0 of Energy Array on rank 0:
        MaxAbsDiff   = 4.911271e-11
        TotalAbsDiff = 7.952690e-10
        MaxRelDiff   = 1.311667e-12


Elapsed time         =      33.54 (s)
Grind time (us/z/c)  =  1.3327988 (per dom)  ( 1.3327988 overall)
FOM                  =  750.30077 (z/s)

Running problem size 30^3 per domain until completion
Num processors: 1
Total number of elements: 27000

To run other sizes, use -s <integer>.
To run a fixed number of iterations, use -i <integer>.
To run a more or less balanced region set, use -b <integer>.
To change the relative costs of regions, use -c <integer>.
To print out progress, use -p
To write an output file for VisIt, use -v
See help (-h) for more options

Run completed:  
   Problem size        =  30 
   MPI tasks           =  1 
   Iteration count     =  932 
   Final Origin Energy = 2.025075e+05 
   Testing Plane 0 of Energy Array on rank 0:
        MaxAbsDiff   = 4.911271e-11
        TotalAbsDiff = 7.952690e-10
        MaxRelDiff   = 1.311667e-12


Elapsed time         =      33.14 (s)
Grind time (us/z/c)  =  1.3168609 (per dom)  ( 1.3168609 overall)
FOM                  =  759.38166 (z/s)

Running problem size 30^3 per domain until completion
Num processors: 1
Total number of elements: 27000

To run other sizes, use -s <integer>.
To run a fixed number of iterations, use -i <integer>.
To run a more or less balanced region set, use -b <integer>.
To change the relative costs of regions, use -c <integer>.
To print out progress, use -p
To write an output file for VisIt, use -v
See help (-h) for more options

Run completed:  
   Problem size        =  30 
   MPI tasks           =  1 
   Iteration count     =  932 
   Final Origin Energy = 2.025075e+05 
   Testing Plane 0 of Energy Array on rank 0:
        MaxAbsDiff   = 4.911271e-11
        TotalAbsDiff = 7.952690e-10
        MaxRelDiff   = 1.311667e-12


Elapsed time         =      33.40 (s)
Grind time (us/z/c)  =  1.3273972 (per dom)  ( 1.3273972 overall)
FOM                  =  753.35401 (z/s)

Running problem size 30^3 per domain until completion
Num processors: 1
Total number of elements: 27000

To run other sizes, use -s <integer>.
To run a fixed number of iterations, use -i <integer>.
To run a more or less balanced region set, use -b <integer>.
To change the relative costs of regions, use -c <integer>.
To print out progress, use -p
To write an output file for VisIt, use -v
See help (-h) for more options

Run completed:  
   Problem size        =  30 
   MPI tasks           =  1 
   Iteration count     =  932 
   Final Origin Energy = 2.025075e+05 
   Testing Plane 0 of Energy Array on rank 0:
        MaxAbsDiff   = 4.001777e-11
        TotalAbsDiff = 6.748414e-10
        MaxRelDiff   = 1.502434e-12


Elapsed time         =      33.98 (s)
Grind time (us/z/c)  =  1.3503156 (per dom)  ( 1.3503156 overall)
FOM                  =  740.56759 (z/s)

Running problem size 30^3 per domain until completion
Num processors: 1
Total number of elements: 27000

To run other sizes, use -s <integer>.
To run a fixed number of iterations, use -i <integer>.
To run a more or less balanced region set, use -b <integer>.
To change the relative costs of regions, use -c <integer>.
To print out progress, use -p
To write an output file for VisIt, use -v
See help (-h) for more options

Run completed:  
   Problem size        =  30 
   MPI tasks           =  1 
   Iteration count     =  932 
   Final Origin Energy = 2.025075e+05 
   Testing Plane 0 of Energy Array on rank 0:
        MaxAbsDiff   = 4.001777e-11
        TotalAbsDiff = 6.748414e-10
        MaxRelDiff   = 1.502434e-12


Elapsed time         =      34.03 (s)
Grind time (us/z/c)  =  1.3525063 (per dom)  ( 1.3525063 overall)
FOM                  =   739.3681 (z/s)

Running problem size 30^3 per domain until completion
Num processors: 1
Total number of elements: 27000

To run other sizes, use -s <integer>.
To run a fixed number of iterations, use -i <integer>.
To run a more or less balanced region set, use -b <integer>.
To change the relative costs of regions, use -c <integer>.
To print out progress, use -p
To write an output file for VisIt, use -v
See help (-h) for more options

Run completed:  
   Problem size        =  30 
   MPI tasks           =  1 
   Iteration count     =  932 
   Final Origin Energy = 2.025075e+05 
   Testing Plane 0 of Energy Array on rank 0:
        MaxAbsDiff   = 4.001777e-11
        TotalAbsDiff = 6.748414e-10
        MaxRelDiff   = 1.502434e-12


Elapsed time         =      37.28 (s)
Grind time (us/z/c)  =  1.4815765 (per dom)  ( 1.4815765 overall)
FOM                  =  674.95669 (z/s)

Running problem size 30^3 per domain until completion
Num processors: 1
Total number of elements: 27000

To run other sizes, use -s <integer>.
To run a fixed number of iterations, use -i <integer>.
To run a more or less balanced region set, use -b <integer>.
To change the relative costs of regions, use -c <integer>.
To print out progress, use -p
To write an output file for VisIt, use -v
See help (-h) for more options

Run completed:  
   Problem size        =  30 
   MPI tasks           =  1 
   Iteration count     =  932 
   Final Origin Energy = 2.025075e+05 
   Testing Plane 0 of Energy Array on rank 0:
        MaxAbsDiff   = 4.001777e-11
        TotalAbsDiff = 6.748414e-10
        MaxRelDiff   = 1.502434e-12


Elapsed time         =      33.87 (s)
Grind time (us/z/c)  =  1.3458208 (per dom)  ( 1.3458208 overall)
FOM                  =  743.04099 (z/s)

Running problem size 30^3 per domain until completion
Num processors: 1
Total number of elements: 27000

To run other sizes, use -s <integer>.
To run a fixed number of iterations, use -i <integer>.
To run a more or less balanced region set, use -b <integer>.
To change the relative costs of regions, use -c <integer>.
To print out progress, use -p
To write an output file for VisIt, use -v
See help (-h) for more options

Run completed:  
   Problem size        =  30 
   MPI tasks           =  1 
   Iteration count     =  932 
   Final Origin Energy = 2.025075e+05 
   Testing Plane 0 of Energy Array on rank 0:
        MaxAbsDiff   = 4.001777e-11
        TotalAbsDiff = 6.748414e-10
        MaxRelDiff   = 1.502434e-12


Elapsed time         =      36.92 (s)
Grind time (us/z/c)  =  1.4673006 (per dom)  ( 1.4673006 overall)
FOM                  =  681.52361 (z/s)

Running problem size 30^3 per domain until completion
Num processors: 1
Total number of elements: 27000

To run other sizes, use -s <integer>.
To run a fixed number of iterations, use -i <integer>.
To run a more or less balanced region set, use -b <integer>.
To change the relative costs of regions, use -c <integer>.
To print out progress, use -p
To write an output file for VisIt, use -v
See help (-h) for more options

Run completed:  
   Problem size        =  30 
   MPI tasks           =  1 
   Iteration count     =  932 
   Final Origin Energy = 2.025075e+05 
   Testing Plane 0 of Energy Array on rank 0:
        MaxAbsDiff   = 4.001777e-11
        TotalAbsDiff = 6.748414e-10
        MaxRelDiff   = 1.502434e-12


Elapsed time         =      37.70 (s)
Grind time (us/z/c)  =  1.4982696 (per dom)  ( 1.4982696 overall)
FOM                  =  667.43661 (z/s)

Running problem size 30^3 per domain until completion
Num processors: 1
Total number of elements: 27000

To run other sizes, use -s <integer>.
To run a fixed number of iterations, use -i <integer>.
To run a more or less balanced region set, use -b <integer>.
To change the relative costs of regions, use -c <integer>.
To print out progress, use -p
To write an output file for VisIt, use -v
See help (-h) for more options

Run completed:  
   Problem size        =  30 
   MPI tasks           =  1 
   Iteration count     =  932 
   Final Origin Energy = 2.025075e+05 
   Testing Plane 0 of Energy Array on rank 0:
        MaxAbsDiff   = 4.001777e-11
        TotalAbsDiff = 6.748414e-10
        MaxRelDiff   = 1.502434e-12


Elapsed time         =      34.06 (s)
Grind time (us/z/c)  =  1.3533834 (per dom)  ( 1.3533834 overall)
FOM                  =   738.8889 (z/s)

Running problem size 30^3 per domain until completion
Num processors: 1
Total number of elements: 27000

To run other sizes, use -s <integer>.
To run a fixed number of iterations, use -i <integer>.
To run a more or less balanced region set, use -b <integer>.
To change the relative costs of regions, use -c <integer>.
To print out progress, use -p
To write an output file for VisIt, use -v
See help (-h) for more options

Run completed:  
   Problem size        =  30 
   MPI tasks           =  1 
   Iteration count     =  932 
   Final Origin Energy = 2.025075e+05 
   Testing Plane 0 of Energy Array on rank 0:
        MaxAbsDiff   = 4.001777e-11
        TotalAbsDiff = 6.748414e-10
        MaxRelDiff   = 1.502434e-12


Elapsed time         =      36.93 (s)
Grind time (us/z/c)  =  1.4677444 (per dom)  ( 1.4677444 overall)
FOM                  =  681.31754 (z/s)

Running problem size 30^3 per domain until completion
Num processors: 1
Total number of elements: 27000

To run other sizes, use -s <integer>.
To run a fixed number of iterations, use -i <integer>.
To run a more or less balanced region set, use -b <integer>.
To change the relative costs of regions, use -c <integer>.
To print out progress, use -p
To write an output file for VisIt, use -v
See help (-h) for more options

Run completed:  
   Problem size        =  30 
   MPI tasks           =  1 
   Iteration count     =  932 
   Final Origin Energy = 2.025075e+05 
   Testing Plane 0 of Energy Array on rank 0:
        MaxAbsDiff   = 4.001777e-11
        TotalAbsDiff = 6.748414e-10
        MaxRelDiff   = 1.502434e-12


Elapsed time         =      37.12 (s)
Grind time (us/z/c)  =  1.4751112 (per dom)  ( 1.4751112 overall)
FOM                  =  677.91498 (z/s)

Running problem size 30^3 per domain until completion
Num processors: 1
Total number of elements: 27000

To run other sizes, use -s <integer>.
To run a fixed number of iterations, use -i <integer>.
To run a more or less balanced region set, use -b <integer>.
To change the relative costs of regions, use -c <integer>.
To print out progress, use -p
To write an output file for VisIt, use -v
See help (-h) for more options

Run completed:  
   Problem size        =  30 
   MPI tasks           =  1 
   Iteration count     =  932 
   Final Origin Energy = 2.025075e+05 
   Testing Plane 0 of Energy Array on rank 0:
        MaxAbsDiff   = 4.001777e-11
        TotalAbsDiff = 6.748414e-10
        MaxRelDiff   = 1.502434e-12


Elapsed time         =      37.48 (s)
Grind time (us/z/c)  =  1.4894455 (per dom)  ( 1.4894455 overall)
FOM                  =  671.39079 (z/s)

Running problem size 30^3 per domain until completion
Num processors: 1
Total number of elements: 27000

To run other sizes, use -s <integer>.
To run a fixed number of iterations, use -i <integer>.
To run a more or less balanced region set, use -b <integer>.
To change the relative costs of regions, use -c <integer>.
To print out progress, use -p
To write an output file for VisIt, use -v
See help (-h) for more options

Run completed:  
   Problem size        =  30 
   MPI tasks           =  1 
   Iteration count     =  932 
   Final Origin Energy = 2.025075e+05 
   Testing Plane 0 of Energy Array on rank 0:
        MaxAbsDiff   = 4.001777e-11
        TotalAbsDiff = 6.748414e-10
        MaxRelDiff   = 1.502434e-12


Elapsed time         =      33.33 (s)
Grind time (us/z/c)  =   1.324625 (per dom)  (  1.324625 overall)
FOM                  =  754.93063 (z/s)

Running problem size 30^3 per domain until completion
Num processors: 1
Total number of elements: 27000

To run other sizes, use -s <integer>.
To run a fixed number of iterations, use -i <integer>.
To run a more or less balanced region set, use -b <integer>.
To change the relative costs of regions, use -c <integer>.
To print out progress, use -p
To write an output file for VisIt, use -v
See help (-h) for more options

Run completed:  
   Problem size        =  30 
   MPI tasks           =  1 
   Iteration count     =  932 
   Final Origin Energy = 2.025075e+05 
   Testing Plane 0 of Energy Array on rank 0:
        MaxAbsDiff   = 4.001777e-11
        TotalAbsDiff = 6.748414e-10
        MaxRelDiff   = 1.502434e-12


Elapsed time         =      37.52 (s)
Grind time (us/z/c)  =  1.4910939 (per dom)  ( 1.4910939 overall)
FOM                  =  670.64857 (z/s)

